2013-04-17 15:23:18 =ERROR REPORT====
GET / [nuty] 404 0ms2013-04-17 15:23:31 =ERROR REPORT====
GET /index [nuty] 404 3ms2013-04-17 15:23:40 =ERROR REPORT====
GET / [nuty] 404 0ms2013-04-17 15:36:25 =ERROR REPORT====
** Generic server <0.150.0> terminating 
** Last message in was {route,"/"}
** When Server state == {state,nuty,["nutzzy_posts_controller"],28695,32792,36889}
** Reason for termination == 
** {badarg,[{erlang,list_to_atom,[undefined],[]},{boss_router_controller,handle_call,3,[{file,"src/boss/boss_router_controller.erl"},{line,82}]},{gen_server,handle_msg,5,[{file,"gen_server.erl"},{line,588}]},{proc_lib,init_p_do_apply,3,[{file,"proc_lib.erl"},{line,227}]}]}
2013-04-17 15:36:26 =CRASH REPORT====
  crasher:
    initial call: boss_router_controller:init/1
    pid: <0.150.0>
    registered_name: []
    exception exit: {{badarg,[{erlang,list_to_atom,[undefined],[]},{boss_router_controller,handle_call,3,[{file,"src/boss/boss_router_controller.erl"},{line,82}]},{gen_server,handle_msg,5,[{file,"gen_server.erl"},{line,588}]},{proc_lib,init_p_do_apply,3,[{file,"proc_lib.erl"},{line,227}]}]},[{gen_server,terminate,6,[{file,"gen_server.erl"},{line,747}]},{proc_lib,init_p_do_apply,3,[{file,"proc_lib.erl"},{line,227}]}]}
    ancestors: [<0.149.0>,boss_web,boss_sup,<0.64.0>]
    messages: []
    links: [<0.149.0>]
    dictionary: [{boss_environment,development}]
    trap_exit: false
    status: running
    heap_size: 2584
    stack_size: 24
    reductions: 6838
  neighbours:
2013-04-17 15:36:26 =SUPERVISOR REPORT====
     Supervisor: {<0.149.0>,boss_router_sup}
     Context:    child_terminated
     Reason:     {badarg,[{erlang,list_to_atom,[undefined],[]},{boss_router_controller,handle_call,3,[{file,"src/boss/boss_router_controller.erl"},{line,82}]},{gen_server,handle_msg,5,[{file,"gen_server.erl"},{line,588}]},{proc_lib,init_p_do_apply,3,[{file,"proc_lib.erl"},{line,227}]}]}
     Offender:   [{pid,<0.150.0>},{name,router_controller},{mfargs,{boss_router_controller,start_link,[[{application,nuty},{controllers,["nutzzy_posts_controller"]}]]}},{restart_type,permanent},{shutdown,2000},{child_type,worker}]

2013-04-17 15:36:26 =CRASH REPORT====
  crasher:
    initial call: mochiweb_acceptor:init/3
    pid: <0.133.0>
    registered_name: []
    exception exit: {{{badarg,[{erlang,list_to_atom,[undefined],[]},{boss_router_controller,handle_call,3,[{file,"src/boss/boss_router_controller.erl"},{line,82}]},{gen_server,handle_msg,5,[{file,"gen_server.erl"},{line,588}]},{proc_lib,init_p_do_apply,3,[{file,"proc_lib.erl"},{line,227}]}]},{gen_server,call,[<0.150.0>,{route,"/"}]}},[{gen_server,call,2,[{file,"gen_server.erl"},{line,180}]},{boss_web_controller,process_dynamic_request,5,[{file,"src/boss/boss_web_controller.erl"},{line,533}]},{boss_web_controller,process_request,5,[{file,"src/boss/boss_web_controller.erl"},{line,525}]},{timer,tc,3,[{file,"timer.erl"},{line,194}]},{boss_web_controller,build_dynamic_response,4,[{file,"src/boss/boss_web_controller.erl"},{line,455}]},{mochiweb_http,headers,5,[{file,"src/mochiweb_http.erl"},{line,94}]},{proc_lib,init_p_do_apply,3,[{file,"proc_lib.erl"},{line,227}]}]}
    ancestors: [mochiweb_http,boss_web,boss_sup,<0.64.0>]
    messages: []
    links: [<0.132.0>,#Port<0.13351>]
    dictionary: [{boss_environment,development},{mochiweb_request_cookie,[{"sessionid","3c323a107e72fa227d6a114fe9fed37f"},{"csrftoken","8gpG7V3FV2uta8FKzeoT0FQtvMOhljfy"},{"Hm_lvt_7708418b490e83ac4f86d035fc2945af","1366167293"},{"Hm_lpvt_7708418b490e83ac4f86d035fc2945af","1366167293"},{"_boss_session","6388af9714c5653571b177cca374aa11e626b466"}]}]
    trap_exit: false
    status: running
    heap_size: 6765
    stack_size: 24
    reductions: 3062
  neighbours:
2013-04-17 15:38:06 =ERROR REPORT====
** Generic server <0.150.0> terminating 
** Last message in was {route,"/"}
** When Server state == {state,nuty,["nutzzy_posts_controller"],28695,32792,36889}
** Reason for termination == 
** {badarg,[{erlang,list_to_atom,[undefined],[]},{boss_router_controller,handle_call,3,[{file,"src/boss/boss_router_controller.erl"},{line,82}]},{gen_server,handle_msg,5,[{file,"gen_server.erl"},{line,588}]},{proc_lib,init_p_do_apply,3,[{file,"proc_lib.erl"},{line,227}]}]}
2013-04-17 15:38:06 =CRASH REPORT====
  crasher:
    initial call: boss_router_controller:init/1
    pid: <0.150.0>
    registered_name: []
    exception exit: {{badarg,[{erlang,list_to_atom,[undefined],[]},{boss_router_controller,handle_call,3,[{file,"src/boss/boss_router_controller.erl"},{line,82}]},{gen_server,handle_msg,5,[{file,"gen_server.erl"},{line,588}]},{proc_lib,init_p_do_apply,3,[{file,"proc_lib.erl"},{line,227}]}]},[{gen_server,terminate,6,[{file,"gen_server.erl"},{line,747}]},{proc_lib,init_p_do_apply,3,[{file,"proc_lib.erl"},{line,227}]}]}
    ancestors: [<0.149.0>,boss_web,boss_sup,<0.64.0>]
    messages: []
    links: [<0.149.0>]
    dictionary: [{boss_environment,development}]
    trap_exit: false
    status: running
    heap_size: 2584
    stack_size: 24
    reductions: 6838
  neighbours:
2013-04-17 15:38:06 =SUPERVISOR REPORT====
     Supervisor: {<0.149.0>,boss_router_sup}
     Context:    child_terminated
     Reason:     {badarg,[{erlang,list_to_atom,[undefined],[]},{boss_router_controller,handle_call,3,[{file,"src/boss/boss_router_controller.erl"},{line,82}]},{gen_server,handle_msg,5,[{file,"gen_server.erl"},{line,588}]},{proc_lib,init_p_do_apply,3,[{file,"proc_lib.erl"},{line,227}]}]}
     Offender:   [{pid,<0.150.0>},{name,router_controller},{mfargs,{boss_router_controller,start_link,[[{application,nuty},{controllers,["nutzzy_posts_controller"]}]]}},{restart_type,permanent},{shutdown,2000},{child_type,worker}]

2013-04-17 15:38:06 =CRASH REPORT====
  crasher:
    initial call: mochiweb_acceptor:init/3
    pid: <0.133.0>
    registered_name: []
    exception exit: {{{badarg,[{erlang,list_to_atom,[undefined],[]},{boss_router_controller,handle_call,3,[{file,"src/boss/boss_router_controller.erl"},{line,82}]},{gen_server,handle_msg,5,[{file,"gen_server.erl"},{line,588}]},{proc_lib,init_p_do_apply,3,[{file,"proc_lib.erl"},{line,227}]}]},{gen_server,call,[<0.150.0>,{route,"/"}]}},[{gen_server,call,2,[{file,"gen_server.erl"},{line,180}]},{boss_web_controller,process_dynamic_request,5,[{file,"src/boss/boss_web_controller.erl"},{line,533}]},{boss_web_controller,process_request,5,[{file,"src/boss/boss_web_controller.erl"},{line,525}]},{timer,tc,3,[{file,"timer.erl"},{line,194}]},{boss_web_controller,build_dynamic_response,4,[{file,"src/boss/boss_web_controller.erl"},{line,455}]},{mochiweb_http,headers,5,[{file,"src/mochiweb_http.erl"},{line,94}]},{proc_lib,init_p_do_apply,3,[{file,"proc_lib.erl"},{line,227}]}]}
    ancestors: [mochiweb_http,boss_web,boss_sup,<0.64.0>]
    messages: []
    links: [<0.132.0>,#Port<0.13351>]
    dictionary: [{boss_environment,development},{mochiweb_request_cookie,[{"Hm_lvt_7708418b490e83ac4f86d035fc2945af","1365564174"},{"1365650345",[]},{"1365664176",[]},{"1365768168",[]},{"csrftoken","XrnCsJhUyxJGP7eFL5E0ByGn0DBEkyRR"},{"sessionid","bc680deb42a35a46680a7257ba718f68"},{"_boss_session","5d087042842714a6598d8b10f4a3c8ffb4af4930"}]}]
    trap_exit: false
    status: running
    heap_size: 4181
    stack_size: 24
    reductions: 3011
  neighbours:
2013-04-17 15:38:09 =ERROR REPORT====
** Generic server <0.171.0> terminating 
** Last message in was {route,"/"}
** When Server state == {state,nuty,["nutzzy_posts_controller"],40985,45080,49175}
** Reason for termination == 
** {badarg,[{erlang,list_to_atom,[undefined],[]},{boss_router_controller,handle_call,3,[{file,"src/boss/boss_router_controller.erl"},{line,82}]},{gen_server,handle_msg,5,[{file,"gen_server.erl"},{line,588}]},{proc_lib,init_p_do_apply,3,[{file,"proc_lib.erl"},{line,227}]}]}
2013-04-17 15:38:09 =CRASH REPORT====
  crasher:
    initial call: boss_router_controller:init/1
    pid: <0.171.0>
    registered_name: []
    exception exit: {{badarg,[{erlang,list_to_atom,[undefined],[]},{boss_router_controller,handle_call,3,[{file,"src/boss/boss_router_controller.erl"},{line,82}]},{gen_server,handle_msg,5,[{file,"gen_server.erl"},{line,588}]},{proc_lib,init_p_do_apply,3,[{file,"proc_lib.erl"},{line,227}]}]},[{gen_server,terminate,6,[{file,"gen_server.erl"},{line,747}]},{proc_lib,init_p_do_apply,3,[{file,"proc_lib.erl"},{line,227}]}]}
    ancestors: [<0.149.0>,boss_web,boss_sup,<0.64.0>]
    messages: []
    links: [<0.149.0>]
    dictionary: [{boss_environment,development}]
    trap_exit: false
    status: running
    heap_size: 2584
    stack_size: 24
    reductions: 6838
  neighbours:
2013-04-17 15:38:09 =SUPERVISOR REPORT====
     Supervisor: {<0.149.0>,boss_router_sup}
     Context:    child_terminated
     Reason:     {badarg,[{erlang,list_to_atom,[undefined],[]},{boss_router_controller,handle_call,3,[{file,"src/boss/boss_router_controller.erl"},{line,82}]},{gen_server,handle_msg,5,[{file,"gen_server.erl"},{line,588}]},{proc_lib,init_p_do_apply,3,[{file,"proc_lib.erl"},{line,227}]}]}
     Offender:   [{pid,<0.171.0>},{name,router_controller},{mfargs,{boss_router_controller,start_link,[[{application,nuty},{controllers,["nutzzy_posts_controller"]}]]}},{restart_type,permanent},{shutdown,2000},{child_type,worker}]

2013-04-17 15:38:09 =CRASH REPORT====
  crasher:
    initial call: mochiweb_acceptor:init/3
    pid: <0.148.0>
    registered_name: []
    exception exit: {{{badarg,[{erlang,list_to_atom,[undefined],[]},{boss_router_controller,handle_call,3,[{file,"src/boss/boss_router_controller.erl"},{line,82}]},{gen_server,handle_msg,5,[{file,"gen_server.erl"},{line,588}]},{proc_lib,init_p_do_apply,3,[{file,"proc_lib.erl"},{line,227}]}]},{gen_server,call,[<0.171.0>,{route,"/"}]}},[{gen_server,call,2,[{file,"gen_server.erl"},{line,180}]},{boss_web_controller,process_dynamic_request,5,[{file,"src/boss/boss_web_controller.erl"},{line,533}]},{boss_web_controller,process_request,5,[{file,"src/boss/boss_web_controller.erl"},{line,525}]},{timer,tc,3,[{file,"timer.erl"},{line,194}]},{boss_web_controller,build_dynamic_response,4,[{file,"src/boss/boss_web_controller.erl"},{line,455}]},{mochiweb_http,headers,5,[{file,"src/mochiweb_http.erl"},{line,94}]},{proc_lib,init_p_do_apply,3,[{file,"proc_lib.erl"},{line,227}]}]}
    ancestors: [mochiweb_http,boss_web,boss_sup,<0.64.0>]
    messages: []
    links: [<0.132.0>,#Port<0.13655>]
    dictionary: [{boss_environment,development},{mochiweb_request_cookie,[{"Hm_lvt_7708418b490e83ac4f86d035fc2945af","1365564174"},{"1365650345",[]},{"1365664176",[]},{"1365768168",[]},{"csrftoken","XrnCsJhUyxJGP7eFL5E0ByGn0DBEkyRR"},{"sessionid","bc680deb42a35a46680a7257ba718f68"},{"_boss_session","5d087042842714a6598d8b10f4a3c8ffb4af4930"}]}]
    trap_exit: false
    status: running
    heap_size: 4181
    stack_size: 24
    reductions: 2929
  neighbours:
2013-04-17 15:39:43 =ERROR REPORT====
{function_clause,[{nuty_posts_controller,post_detail,['GET',["scratch","83-179-164-220-188-92-118-208-235-135-66-175-102-59-225-49"],{nuty_posts_controller,{simple_bridge_request_wrapper,mochiweb_request_bridge,{mochiweb_request,[#Port<0.13351>,'GET',"/posts/post_detail/scratch/83-179-164-220-188-92-118-208-235-135-66-175-102-59-225-49",{1,1},{8,{"host",{'Host',"127.0.0.1:8001"},{"accept",{'Accept',"image/png,image/*;q=0.8,*/*;q=0.5"},nil,{"accept-language",{'Accept-Language',"zh-cn,zh;q=0.8,en-us;q=0.5,en;q=0.3"},{"accept-encoding",{'Accept-Encoding',"gzip, deflate"},nil,nil},{"cookie",{'Cookie',"Hm_lvt_7708418b490e83ac4f86d035fc2945af=1365564174,1365650345,1365664176,1365768168; csrftoken=XrnCsJhUyxJGP7eFL5E0ByGn0DBEkyRR; sessionid=bc680deb42a35a46680a7257ba718f68; _boss_session=8e4bee57f204c4af495775653a95360a2a99bb23"},{"connection",{'Connection',"keep-alive"},nil,nil},nil}}},{"user-agent",{'User-Agent',"Mozilla/5.0 (X11; Ubuntu; Linux x86_64; rv:20.0) Gecko/20100101 Firefox/20.0"},{"referer",{'Referer',"http://127.0.0.1:8001/posts/post_detail/posts-1"},nil,nil},nil}}}]},false,[],[],none}}],[]},{boss_web_controller,execute_action,5,[{file,"src/boss/boss_web_controller.erl"},{line,829}]},{boss_web_controller,process_dynamic_request,5,[{file,"src/boss/boss_web_controller.erl"},{line,536}]},{boss_web_controller,process_request,5,[{file,"src/boss/boss_web_controller.erl"},{line,525}]},{timer,tc,3,[{file,"timer.erl"},{line,194}]},{boss_web_controller,build_dynamic_response,4,[{file,"src/boss/boss_web_controller.erl"},{line,455}]},{mochiweb_http,headers,5,[{file,"src/mochiweb_http.erl"},{line,94}]},{proc_lib,init_p_do_apply,3,[{file,"proc_lib.erl"},{line,227}]}]}2013-04-17 15:39:43 =ERROR REPORT====
GET /posts/post_detail/scratch/83-179-164-220-188-92-118-208-235-135-66-175-102-59-225-49 [nuty] 500 50ms2013-04-17 15:40:51 =ERROR REPORT====
{function_clause,[{nuty_posts_controller,post_detail,['GET',["scratch","83-179-164-220-188-92-118-208-235-135-66-175-102-59-225-49"],{nuty_posts_controller,{simple_bridge_request_wrapper,mochiweb_request_bridge,{mochiweb_request,[#Port<0.13351>,'GET',"/posts/post_detail/scratch/83-179-164-220-188-92-118-208-235-135-66-175-102-59-225-49",{1,1},{8,{"host",{'Host',"127.0.0.1:8001"},{"accept",{'Accept',"image/png,image/*;q=0.8,*/*;q=0.5"},nil,{"accept-language",{'Accept-Language',"zh-cn,zh;q=0.8,en-us;q=0.5,en;q=0.3"},{"accept-encoding",{'Accept-Encoding',"gzip, deflate"},nil,nil},{"cookie",{'Cookie',"Hm_lvt_7708418b490e83ac4f86d035fc2945af=1365564174,1365650345,1365664176,1365768168; csrftoken=XrnCsJhUyxJGP7eFL5E0ByGn0DBEkyRR; sessionid=bc680deb42a35a46680a7257ba718f68; _boss_session=8e4bee57f204c4af495775653a95360a2a99bb23"},{"connection",{'Connection',"keep-alive"},nil,nil},nil}}},{"user-agent",{'User-Agent',"Mozilla/5.0 (X11; Ubuntu; Linux x86_64; rv:20.0) Gecko/20100101 Firefox/20.0"},{"referer",{'Referer',"http://127.0.0.1:8001/posts/post_detail/posts-1"},nil,nil},nil}}}]},false,[],[],none}}],[]},{boss_web_controller,execute_action,5,[{file,"src/boss/boss_web_controller.erl"},{line,829}]},{boss_web_controller,process_dynamic_request,5,[{file,"src/boss/boss_web_controller.erl"},{line,536}]},{boss_web_controller,process_request,5,[{file,"src/boss/boss_web_controller.erl"},{line,525}]},{timer,tc,3,[{file,"timer.erl"},{line,194}]},{boss_web_controller,build_dynamic_response,4,[{file,"src/boss/boss_web_controller.erl"},{line,455}]},{mochiweb_http,headers,5,[{file,"src/mochiweb_http.erl"},{line,94}]},{proc_lib,init_p_do_apply,3,[{file,"proc_lib.erl"},{line,227}]}]}2013-04-17 15:40:52 =ERROR REPORT====
GET /posts/post_detail/scratch/83-179-164-220-188-92-118-208-235-135-66-175-102-59-225-49 [nuty] 500 47ms2013-04-17 15:43:10 =ERROR REPORT====
{function_clause,[{nuty_posts_controller,post_detail,['GET',["scratch","83-179-164-220-188-92-118-208-235-135-66-175-102-59-225-49"],{nuty_posts_controller,{simple_bridge_request_wrapper,mochiweb_request_bridge,{mochiweb_request,[#Port<0.14324>,'GET',"/posts/post_detail/scratch/83-179-164-220-188-92-118-208-235-135-66-175-102-59-225-49",{1,1},{8,{"host",{'Host',"127.0.0.1:8001"},{"accept",{'Accept',"image/png,image/*;q=0.8,*/*;q=0.5"},nil,{"accept-language",{'Accept-Language',"zh-cn,zh;q=0.8,en-us;q=0.5,en;q=0.3"},{"accept-encoding",{'Accept-Encoding',"gzip, deflate"},nil,nil},{"cookie",{'Cookie',"Hm_lvt_7708418b490e83ac4f86d035fc2945af=1365564174,1365650345,1365664176,1365768168; csrftoken=XrnCsJhUyxJGP7eFL5E0ByGn0DBEkyRR; sessionid=bc680deb42a35a46680a7257ba718f68; _boss_session=8e4bee57f204c4af495775653a95360a2a99bb23"},{"connection",{'Connection',"keep-alive"},nil,nil},nil}}},{"user-agent",{'User-Agent',"Mozilla/5.0 (X11; Ubuntu; Linux x86_64; rv:20.0) Gecko/20100101 Firefox/20.0"},{"referer",{'Referer',"http://127.0.0.1:8001/posts/post_detail/posts-1"},nil,nil},nil}}}]},false,[],[],none}}],[]},{boss_web_controller,execute_action,5,[{file,"src/boss/boss_web_controller.erl"},{line,829}]},{boss_web_controller,process_dynamic_request,5,[{file,"src/boss/boss_web_controller.erl"},{line,536}]},{boss_web_controller,process_request,5,[{file,"src/boss/boss_web_controller.erl"},{line,525}]},{timer,tc,3,[{file,"timer.erl"},{line,194}]},{boss_web_controller,build_dynamic_response,4,[{file,"src/boss/boss_web_controller.erl"},{line,455}]},{mochiweb_http,headers,5,[{file,"src/mochiweb_http.erl"},{line,94}]},{proc_lib,init_p_do_apply,3,[{file,"proc_lib.erl"},{line,227}]}]}2013-04-17 15:43:10 =ERROR REPORT====
GET /posts/post_detail/scratch/83-179-164-220-188-92-118-208-235-135-66-175-102-59-225-49 [nuty] 500 51ms2013-04-17 15:43:21 =ERROR REPORT====
{function_clause,[{nuty_posts_controller,post_detail,['GET',["scratch","83-179-164-220-188-92-118-208-235-135-66-175-102-59-225-49"],{nuty_posts_controller,{simple_bridge_request_wrapper,mochiweb_request_bridge,{mochiweb_request,[#Port<0.14324>,'GET',"/posts/post_detail/scratch/83-179-164-220-188-92-118-208-235-135-66-175-102-59-225-49",{1,1},{8,{"host",{'Host',"127.0.0.1:8001"},{"accept",{'Accept',"image/png,image/*;q=0.8,*/*;q=0.5"},nil,{"accept-language",{'Accept-Language',"zh-cn,zh;q=0.8,en-us;q=0.5,en;q=0.3"},{"accept-encoding",{'Accept-Encoding',"gzip, deflate"},nil,nil},{"cookie",{'Cookie',"Hm_lvt_7708418b490e83ac4f86d035fc2945af=1365564174,1365650345,1365664176,1365768168; csrftoken=XrnCsJhUyxJGP7eFL5E0ByGn0DBEkyRR; sessionid=bc680deb42a35a46680a7257ba718f68; _boss_session=8e4bee57f204c4af495775653a95360a2a99bb23"},{"connection",{'Connection',"keep-alive"},nil,nil},nil}}},{"user-agent",{'User-Agent',"Mozilla/5.0 (X11; Ubuntu; Linux x86_64; rv:20.0) Gecko/20100101 Firefox/20.0"},{"referer",{'Referer',"http://127.0.0.1:8001/posts/post_detail/posts-1"},nil,nil},nil}}}]},false,[],[],none}}],[]},{boss_web_controller,execute_action,5,[{file,"src/boss/boss_web_controller.erl"},{line,829}]},{boss_web_controller,process_dynamic_request,5,[{file,"src/boss/boss_web_controller.erl"},{line,536}]},{boss_web_controller,process_request,5,[{file,"src/boss/boss_web_controller.erl"},{line,525}]},{timer,tc,3,[{file,"timer.erl"},{line,194}]},{boss_web_controller,build_dynamic_response,4,[{file,"src/boss/boss_web_controller.erl"},{line,455}]},{mochiweb_http,headers,5,[{file,"src/mochiweb_http.erl"},{line,94}]},{proc_lib,init_p_do_apply,3,[{file,"proc_lib.erl"},{line,227}]}]}2013-04-17 15:43:21 =ERROR REPORT====
GET /posts/post_detail/scratch/83-179-164-220-188-92-118-208-235-135-66-175-102-59-225-49 [nuty] 500 43ms2013-04-17 15:43:41 =ERROR REPORT====
{function_clause,[{nuty_posts_controller,post_detail,['GET',["scratch","83-179-164-220-188-92-118-208-235-135-66-175-102-59-225-49"],{nuty_posts_controller,{simple_bridge_request_wrapper,mochiweb_request_bridge,{mochiweb_request,[#Port<0.14324>,'GET',"/posts/post_detail/scratch/83-179-164-220-188-92-118-208-235-135-66-175-102-59-225-49",{1,1},{8,{"host",{'Host',"127.0.0.1:8001"},{"accept",{'Accept',"image/png,image/*;q=0.8,*/*;q=0.5"},nil,{"accept-language",{'Accept-Language',"zh-cn,zh;q=0.8,en-us;q=0.5,en;q=0.3"},{"accept-encoding",{'Accept-Encoding',"gzip, deflate"},nil,nil},{"cookie",{'Cookie',"Hm_lvt_7708418b490e83ac4f86d035fc2945af=1365564174,1365650345,1365664176,1365768168; csrftoken=XrnCsJhUyxJGP7eFL5E0ByGn0DBEkyRR; sessionid=bc680deb42a35a46680a7257ba718f68; _boss_session=8e4bee57f204c4af495775653a95360a2a99bb23"},{"connection",{'Connection',"keep-alive"},nil,nil},nil}}},{"user-agent",{'User-Agent',"Mozilla/5.0 (X11; Ubuntu; Linux x86_64; rv:20.0) Gecko/20100101 Firefox/20.0"},{"referer",{'Referer',"http://127.0.0.1:8001/posts/post_detail/posts-1"},nil,nil},nil}}}]},false,[],[],none}}],[]},{boss_web_controller,execute_action,5,[{file,"src/boss/boss_web_controller.erl"},{line,829}]},{boss_web_controller,process_dynamic_request,5,[{file,"src/boss/boss_web_controller.erl"},{line,536}]},{boss_web_controller,process_request,5,[{file,"src/boss/boss_web_controller.erl"},{line,525}]},{timer,tc,3,[{file,"timer.erl"},{line,194}]},{boss_web_controller,build_dynamic_response,4,[{file,"src/boss/boss_web_controller.erl"},{line,455}]},{mochiweb_http,headers,5,[{file,"src/mochiweb_http.erl"},{line,94}]},{proc_lib,init_p_do_apply,3,[{file,"proc_lib.erl"},{line,227}]}]}2013-04-17 15:43:41 =ERROR REPORT====
GET /posts/post_detail/scratch/83-179-164-220-188-92-118-208-235-135-66-175-102-59-225-49 [nuty] 500 47ms2013-04-17 15:54:39 =ERROR REPORT====
{function_clause,[{nuty_posts_controller,post_detail,['GET',["scratch","83-179-164-220-188-92-118-208-235-135-66-175-102-59-225-49"],{nuty_posts_controller,{simple_bridge_request_wrapper,mochiweb_request_bridge,{mochiweb_request,[#Port<0.14820>,'GET',"/posts/post_detail/scratch/83-179-164-220-188-92-118-208-235-135-66-175-102-59-225-49",{1,1},{8,{"host",{'Host',"127.0.0.1:8001"},{"accept",{'Accept',"image/png,image/*;q=0.8,*/*;q=0.5"},nil,{"accept-language",{'Accept-Language',"zh-cn,zh;q=0.8,en-us;q=0.5,en;q=0.3"},{"accept-encoding",{'Accept-Encoding',"gzip, deflate"},nil,nil},{"cookie",{'Cookie',"Hm_lvt_7708418b490e83ac4f86d035fc2945af=1365564174,1365650345,1365664176,1365768168; csrftoken=XrnCsJhUyxJGP7eFL5E0ByGn0DBEkyRR; sessionid=bc680deb42a35a46680a7257ba718f68; _boss_session=8e4bee57f204c4af495775653a95360a2a99bb23"},{"connection",{'Connection',"keep-alive"},nil,nil},nil}}},{"user-agent",{'User-Agent',"Mozilla/5.0 (X11; Ubuntu; Linux x86_64; rv:20.0) Gecko/20100101 Firefox/20.0"},{"referer",{'Referer',"http://127.0.0.1:8001/posts/post_detail/posts-1"},nil,nil},nil}}}]},false,[],[],none}}],[]},{boss_web_controller,execute_action,5,[{file,"src/boss/boss_web_controller.erl"},{line,829}]},{boss_web_controller,process_dynamic_request,5,[{file,"src/boss/boss_web_controller.erl"},{line,536}]},{boss_web_controller,process_request,5,[{file,"src/boss/boss_web_controller.erl"},{line,525}]},{timer,tc,3,[{file,"timer.erl"},{line,194}]},{boss_web_controller,build_dynamic_response,4,[{file,"src/boss/boss_web_controller.erl"},{line,455}]},{mochiweb_http,headers,5,[{file,"src/mochiweb_http.erl"},{line,94}]},{proc_lib,init_p_do_apply,3,[{file,"proc_lib.erl"},{line,227}]}]}2013-04-17 15:54:39 =ERROR REPORT====
GET /posts/post_detail/scratch/83-179-164-220-188-92-118-208-235-135-66-175-102-59-225-49 [nuty] 500 49ms2013-04-17 15:54:59 =ERROR REPORT====
{function_clause,[{nuty_posts_controller,post_detail,['GET',["scratch","83-179-164-220-188-92-118-208-235-135-66-175-102-59-225-49"],{nuty_posts_controller,{simple_bridge_request_wrapper,mochiweb_request_bridge,{mochiweb_request,[#Port<0.14820>,'GET',"/posts/post_detail/scratch/83-179-164-220-188-92-118-208-235-135-66-175-102-59-225-49",{1,1},{8,{"host",{'Host',"127.0.0.1:8001"},{"accept",{'Accept',"image/png,image/*;q=0.8,*/*;q=0.5"},nil,{"accept-language",{'Accept-Language',"zh-cn,zh;q=0.8,en-us;q=0.5,en;q=0.3"},{"accept-encoding",{'Accept-Encoding',"gzip, deflate"},nil,nil},{"cookie",{'Cookie',"Hm_lvt_7708418b490e83ac4f86d035fc2945af=1365564174,1365650345,1365664176,1365768168; csrftoken=XrnCsJhUyxJGP7eFL5E0ByGn0DBEkyRR; sessionid=bc680deb42a35a46680a7257ba718f68; _boss_session=8e4bee57f204c4af495775653a95360a2a99bb23"},{"connection",{'Connection',"keep-alive"},nil,nil},nil}}},{"user-agent",{'User-Agent',"Mozilla/5.0 (X11; Ubuntu; Linux x86_64; rv:20.0) Gecko/20100101 Firefox/20.0"},{"referer",{'Referer',"http://127.0.0.1:8001/posts/post_detail/posts-1"},nil,nil},nil}}}]},false,[],[],none}}],[]},{boss_web_controller,execute_action,5,[{file,"src/boss/boss_web_controller.erl"},{line,829}]},{boss_web_controller,process_dynamic_request,5,[{file,"src/boss/boss_web_controller.erl"},{line,536}]},{boss_web_controller,process_request,5,[{file,"src/boss/boss_web_controller.erl"},{line,525}]},{timer,tc,3,[{file,"timer.erl"},{line,194}]},{boss_web_controller,build_dynamic_response,4,[{file,"src/boss/boss_web_controller.erl"},{line,455}]},{mochiweb_http,headers,5,[{file,"src/mochiweb_http.erl"},{line,94}]},{proc_lib,init_p_do_apply,3,[{file,"proc_lib.erl"},{line,227}]}]}2013-04-17 15:54:59 =ERROR REPORT====
GET /posts/post_detail/scratch/83-179-164-220-188-92-118-208-235-135-66-175-102-59-225-49 [nuty] 500 45ms2013-04-17 15:55:14 =ERROR REPORT====
{function_clause,[{nuty_posts_controller,post_detail,['GET',["scratch","83-179-164-220-188-92-118-208-235-135-66-175-102-59-225-49"],{nuty_posts_controller,{simple_bridge_request_wrapper,mochiweb_request_bridge,{mochiweb_request,[#Port<0.14820>,'GET',"/posts/post_detail/scratch/83-179-164-220-188-92-118-208-235-135-66-175-102-59-225-49",{1,1},{8,{"host",{'Host',"127.0.0.1:8001"},{"accept",{'Accept',"image/png,image/*;q=0.8,*/*;q=0.5"},nil,{"accept-language",{'Accept-Language',"zh-cn,zh;q=0.8,en-us;q=0.5,en;q=0.3"},{"accept-encoding",{'Accept-Encoding',"gzip, deflate"},nil,nil},{"cookie",{'Cookie',"Hm_lvt_7708418b490e83ac4f86d035fc2945af=1365564174,1365650345,1365664176,1365768168; csrftoken=XrnCsJhUyxJGP7eFL5E0ByGn0DBEkyRR; sessionid=bc680deb42a35a46680a7257ba718f68; _boss_session=8e4bee57f204c4af495775653a95360a2a99bb23"},{"connection",{'Connection',"keep-alive"},nil,nil},nil}}},{"user-agent",{'User-Agent',"Mozilla/5.0 (X11; Ubuntu; Linux x86_64; rv:20.0) Gecko/20100101 Firefox/20.0"},{"referer",{'Referer',"http://127.0.0.1:8001/posts/post_detail/posts-1"},nil,nil},nil}}}]},false,[],[],none}}],[]},{boss_web_controller,execute_action,5,[{file,"src/boss/boss_web_controller.erl"},{line,829}]},{boss_web_controller,process_dynamic_request,5,[{file,"src/boss/boss_web_controller.erl"},{line,536}]},{boss_web_controller,process_request,5,[{file,"src/boss/boss_web_controller.erl"},{line,525}]},{timer,tc,3,[{file,"timer.erl"},{line,194}]},{boss_web_controller,build_dynamic_response,4,[{file,"src/boss/boss_web_controller.erl"},{line,455}]},{mochiweb_http,headers,5,[{file,"src/mochiweb_http.erl"},{line,94}]},{proc_lib,init_p_do_apply,3,[{file,"proc_lib.erl"},{line,227}]}]}2013-04-17 15:55:14 =ERROR REPORT====
GET /posts/post_detail/scratch/83-179-164-220-188-92-118-208-235-135-66-175-102-59-225-49 [nuty] 500 50ms2013-04-17 15:55:20 =ERROR REPORT====
{function_clause,[{nuty_posts_controller,post_detail,['GET',["scratch","83-179-164-220-188-92-118-208-235-135-66-175-102-59-225-49"],{nuty_posts_controller,{simple_bridge_request_wrapper,mochiweb_request_bridge,{mochiweb_request,[#Port<0.14820>,'GET',"/posts/post_detail/scratch/83-179-164-220-188-92-118-208-235-135-66-175-102-59-225-49",{1,1},{8,{"host",{'Host',"127.0.0.1:8001"},{"accept",{'Accept',"image/png,image/*;q=0.8,*/*;q=0.5"},nil,{"accept-language",{'Accept-Language',"zh-cn,zh;q=0.8,en-us;q=0.5,en;q=0.3"},{"accept-encoding",{'Accept-Encoding',"gzip, deflate"},nil,nil},{"cookie",{'Cookie',"Hm_lvt_7708418b490e83ac4f86d035fc2945af=1365564174,1365650345,1365664176,1365768168; csrftoken=XrnCsJhUyxJGP7eFL5E0ByGn0DBEkyRR; sessionid=bc680deb42a35a46680a7257ba718f68; _boss_session=8e4bee57f204c4af495775653a95360a2a99bb23"},{"connection",{'Connection',"keep-alive"},nil,nil},nil}}},{"user-agent",{'User-Agent',"Mozilla/5.0 (X11; Ubuntu; Linux x86_64; rv:20.0) Gecko/20100101 Firefox/20.0"},{"referer",{'Referer',"http://127.0.0.1:8001/posts/post_detail/posts-1"},nil,nil},nil}}}]},false,[],[],none}}],[]},{boss_web_controller,execute_action,5,[{file,"src/boss/boss_web_controller.erl"},{line,829}]},{boss_web_controller,process_dynamic_request,5,[{file,"src/boss/boss_web_controller.erl"},{line,536}]},{boss_web_controller,process_request,5,[{file,"src/boss/boss_web_controller.erl"},{line,525}]},{timer,tc,3,[{file,"timer.erl"},{line,194}]},{boss_web_controller,build_dynamic_response,4,[{file,"src/boss/boss_web_controller.erl"},{line,455}]},{mochiweb_http,headers,5,[{file,"src/mochiweb_http.erl"},{line,94}]},{proc_lib,init_p_do_apply,3,[{file,"proc_lib.erl"},{line,227}]}]}2013-04-17 15:55:20 =ERROR REPORT====
GET /posts/post_detail/scratch/83-179-164-220-188-92-118-208-235-135-66-175-102-59-225-49 [nuty] 500 45ms2013-04-17 15:55:22 =ERROR REPORT====
{function_clause,[{nuty_posts_controller,post_detail,['GET',["scratch","83-179-164-220-188-92-118-208-235-135-66-175-102-59-225-49"],{nuty_posts_controller,{simple_bridge_request_wrapper,mochiweb_request_bridge,{mochiweb_request,[#Port<0.14820>,'GET',"/posts/post_detail/scratch/83-179-164-220-188-92-118-208-235-135-66-175-102-59-225-49",{1,1},{8,{"host",{'Host',"127.0.0.1:8001"},{"accept",{'Accept',"image/png,image/*;q=0.8,*/*;q=0.5"},nil,{"accept-language",{'Accept-Language',"zh-cn,zh;q=0.8,en-us;q=0.5,en;q=0.3"},{"accept-encoding",{'Accept-Encoding',"gzip, deflate"},nil,nil},{"cookie",{'Cookie',"Hm_lvt_7708418b490e83ac4f86d035fc2945af=1365564174,1365650345,1365664176,1365768168; csrftoken=XrnCsJhUyxJGP7eFL5E0ByGn0DBEkyRR; sessionid=bc680deb42a35a46680a7257ba718f68; _boss_session=8e4bee57f204c4af495775653a95360a2a99bb23"},{"connection",{'Connection',"keep-alive"},nil,nil},nil}}},{"user-agent",{'User-Agent',"Mozilla/5.0 (X11; Ubuntu; Linux x86_64; rv:20.0) Gecko/20100101 Firefox/20.0"},{"referer",{'Referer',"http://127.0.0.1:8001/posts/post_detail/posts-1"},nil,nil},nil}}}]},false,[],[],none}}],[]},{boss_web_controller,execute_action,5,[{file,"src/boss/boss_web_controller.erl"},{line,829}]},{boss_web_controller,process_dynamic_request,5,[{file,"src/boss/boss_web_controller.erl"},{line,536}]},{boss_web_controller,process_request,5,[{file,"src/boss/boss_web_controller.erl"},{line,525}]},{timer,tc,3,[{file,"timer.erl"},{line,194}]},{boss_web_controller,build_dynamic_response,4,[{file,"src/boss/boss_web_controller.erl"},{line,455}]},{mochiweb_http,headers,5,[{file,"src/mochiweb_http.erl"},{line,94}]},{proc_lib,init_p_do_apply,3,[{file,"proc_lib.erl"},{line,227}]}]}2013-04-17 15:55:22 =ERROR REPORT====
GET /posts/post_detail/scratch/83-179-164-220-188-92-118-208-235-135-66-175-102-59-225-49 [nuty] 500 46ms2013-04-17 15:56:43 =ERROR REPORT====
{function_clause,[{nuty_posts_controller,post_detail,['GET',["scratch","83-179-164-220-188-92-118-208-235-135-66-175-102-59-225-49"],{nuty_posts_controller,{simple_bridge_request_wrapper,mochiweb_request_bridge,{mochiweb_request,[#Port<0.14820>,'GET',"/posts/post_detail/scratch/83-179-164-220-188-92-118-208-235-135-66-175-102-59-225-49",{1,1},{8,{"host",{'Host',"127.0.0.1:8001"},{"accept",{'Accept',"image/png,image/*;q=0.8,*/*;q=0.5"},nil,{"accept-language",{'Accept-Language',"zh-cn,zh;q=0.8,en-us;q=0.5,en;q=0.3"},{"accept-encoding",{'Accept-Encoding',"gzip, deflate"},nil,nil},{"cookie",{'Cookie',"Hm_lvt_7708418b490e83ac4f86d035fc2945af=1365564174,1365650345,1365664176,1365768168; csrftoken=XrnCsJhUyxJGP7eFL5E0ByGn0DBEkyRR; sessionid=bc680deb42a35a46680a7257ba718f68; _boss_session=8e4bee57f204c4af495775653a95360a2a99bb23"},{"connection",{'Connection',"keep-alive"},nil,nil},nil}}},{"user-agent",{'User-Agent',"Mozilla/5.0 (X11; Ubuntu; Linux x86_64; rv:20.0) Gecko/20100101 Firefox/20.0"},{"referer",{'Referer',"http://127.0.0.1:8001/posts/post_detail/posts-1"},nil,nil},nil}}}]},false,[],[],none}}],[]},{boss_web_controller,execute_action,5,[{file,"src/boss/boss_web_controller.erl"},{line,829}]},{boss_web_controller,process_dynamic_request,5,[{file,"src/boss/boss_web_controller.erl"},{line,536}]},{boss_web_controller,process_request,5,[{file,"src/boss/boss_web_controller.erl"},{line,525}]},{timer,tc,3,[{file,"timer.erl"},{line,194}]},{boss_web_controller,build_dynamic_response,4,[{file,"src/boss/boss_web_controller.erl"},{line,455}]},{mochiweb_http,headers,5,[{file,"src/mochiweb_http.erl"},{line,94}]},{proc_lib,init_p_do_apply,3,[{file,"proc_lib.erl"},{line,227}]}]}2013-04-17 15:56:43 =ERROR REPORT====
GET /posts/post_detail/scratch/83-179-164-220-188-92-118-208-235-135-66-175-102-59-225-49 [nuty] 500 47ms2013-04-17 15:56:58 =ERROR REPORT====
{function_clause,[{nuty_posts_controller,post_detail,['GET',["scratch","83-179-164-220-188-92-118-208-235-135-66-175-102-59-225-49"],{nuty_posts_controller,{simple_bridge_request_wrapper,mochiweb_request_bridge,{mochiweb_request,[#Port<0.14820>,'GET',"/posts/post_detail/scratch/83-179-164-220-188-92-118-208-235-135-66-175-102-59-225-49",{1,1},{8,{"host",{'Host',"127.0.0.1:8001"},{"accept",{'Accept',"image/png,image/*;q=0.8,*/*;q=0.5"},nil,{"accept-language",{'Accept-Language',"zh-cn,zh;q=0.8,en-us;q=0.5,en;q=0.3"},{"accept-encoding",{'Accept-Encoding',"gzip, deflate"},nil,nil},{"cookie",{'Cookie',"Hm_lvt_7708418b490e83ac4f86d035fc2945af=1365564174,1365650345,1365664176,1365768168; csrftoken=XrnCsJhUyxJGP7eFL5E0ByGn0DBEkyRR; sessionid=bc680deb42a35a46680a7257ba718f68; _boss_session=8e4bee57f204c4af495775653a95360a2a99bb23"},{"connection",{'Connection',"keep-alive"},nil,nil},nil}}},{"user-agent",{'User-Agent',"Mozilla/5.0 (X11; Ubuntu; Linux x86_64; rv:20.0) Gecko/20100101 Firefox/20.0"},{"referer",{'Referer',"http://127.0.0.1:8001/posts/post_detail/posts-1"},nil,nil},nil}}}]},false,[],[],none}}],[]},{boss_web_controller,execute_action,5,[{file,"src/boss/boss_web_controller.erl"},{line,829}]},{boss_web_controller,process_dynamic_request,5,[{file,"src/boss/boss_web_controller.erl"},{line,536}]},{boss_web_controller,process_request,5,[{file,"src/boss/boss_web_controller.erl"},{line,525}]},{timer,tc,3,[{file,"timer.erl"},{line,194}]},{boss_web_controller,build_dynamic_response,4,[{file,"src/boss/boss_web_controller.erl"},{line,455}]},{mochiweb_http,headers,5,[{file,"src/mochiweb_http.erl"},{line,94}]},{proc_lib,init_p_do_apply,3,[{file,"proc_lib.erl"},{line,227}]}]}2013-04-17 15:56:58 =ERROR REPORT====
GET /posts/post_detail/scratch/83-179-164-220-188-92-118-208-235-135-66-175-102-59-225-49 [nuty] 500 46ms2013-04-17 15:59:06 =ERROR REPORT====
{function_clause,[{nuty_posts_controller,post_detail,['GET',["scratch","83-179-164-220-188-92-118-208-235-135-66-175-102-59-225-49"],{nuty_posts_controller,{simple_bridge_request_wrapper,mochiweb_request_bridge,{mochiweb_request,[#Port<0.15266>,'GET',"/posts/post_detail/scratch/83-179-164-220-188-92-118-208-235-135-66-175-102-59-225-49",{1,1},{8,{"host",{'Host',"127.0.0.1:8001"},{"accept",{'Accept',"image/png,image/*;q=0.8,*/*;q=0.5"},nil,{"accept-language",{'Accept-Language',"zh-cn,zh;q=0.8,en-us;q=0.5,en;q=0.3"},{"accept-encoding",{'Accept-Encoding',"gzip, deflate"},nil,nil},{"cookie",{'Cookie',"Hm_lvt_7708418b490e83ac4f86d035fc2945af=1365564174,1365650345,1365664176,1365768168; csrftoken=XrnCsJhUyxJGP7eFL5E0ByGn0DBEkyRR; sessionid=bc680deb42a35a46680a7257ba718f68; _boss_session=8e4bee57f204c4af495775653a95360a2a99bb23"},{"connection",{'Connection',"keep-alive"},nil,nil},nil}}},{"user-agent",{'User-Agent',"Mozilla/5.0 (X11; Ubuntu; Linux x86_64; rv:20.0) Gecko/20100101 Firefox/20.0"},{"referer",{'Referer',"http://127.0.0.1:8001/posts/post_detail/posts-1"},nil,nil},nil}}}]},false,[],[],none}}],[]},{boss_web_controller,execute_action,5,[{file,"src/boss/boss_web_controller.erl"},{line,829}]},{boss_web_controller,process_dynamic_request,5,[{file,"src/boss/boss_web_controller.erl"},{line,536}]},{boss_web_controller,process_request,5,[{file,"src/boss/boss_web_controller.erl"},{line,525}]},{timer,tc,3,[{file,"timer.erl"},{line,194}]},{boss_web_controller,build_dynamic_response,4,[{file,"src/boss/boss_web_controller.erl"},{line,455}]},{mochiweb_http,headers,5,[{file,"src/mochiweb_http.erl"},{line,94}]},{proc_lib,init_p_do_apply,3,[{file,"proc_lib.erl"},{line,227}]}]}2013-04-17 15:59:06 =ERROR REPORT====
GET /posts/post_detail/scratch/83-179-164-220-188-92-118-208-235-135-66-175-102-59-225-49 [nuty] 500 53ms2013-04-17 15:59:14 =ERROR REPORT====
{function_clause,[{nuty_posts_controller,post_detail,['GET',["scratch","83-179-164-220-188-92-118-208-235-135-66-175-102-59-225-49"],{nuty_posts_controller,{simple_bridge_request_wrapper,mochiweb_request_bridge,{mochiweb_request,[#Port<0.15266>,'GET',"/posts/post_detail/scratch/83-179-164-220-188-92-118-208-235-135-66-175-102-59-225-49",{1,1},{8,{"host",{'Host',"127.0.0.1:8001"},{"accept",{'Accept',"image/png,image/*;q=0.8,*/*;q=0.5"},nil,{"accept-language",{'Accept-Language',"zh-cn,zh;q=0.8,en-us;q=0.5,en;q=0.3"},{"accept-encoding",{'Accept-Encoding',"gzip, deflate"},nil,nil},{"cookie",{'Cookie',"Hm_lvt_7708418b490e83ac4f86d035fc2945af=1365564174,1365650345,1365664176,1365768168; csrftoken=XrnCsJhUyxJGP7eFL5E0ByGn0DBEkyRR; sessionid=bc680deb42a35a46680a7257ba718f68; _boss_session=8e4bee57f204c4af495775653a95360a2a99bb23"},{"connection",{'Connection',"keep-alive"},nil,nil},nil}}},{"user-agent",{'User-Agent',"Mozilla/5.0 (X11; Ubuntu; Linux x86_64; rv:20.0) Gecko/20100101 Firefox/20.0"},{"referer",{'Referer',"http://127.0.0.1:8001/posts/post_detail/posts-1"},nil,nil},nil}}}]},false,[],[],none}}],[]},{boss_web_controller,execute_action,5,[{file,"src/boss/boss_web_controller.erl"},{line,829}]},{boss_web_controller,process_dynamic_request,5,[{file,"src/boss/boss_web_controller.erl"},{line,536}]},{boss_web_controller,process_request,5,[{file,"src/boss/boss_web_controller.erl"},{line,525}]},{timer,tc,3,[{file,"timer.erl"},{line,194}]},{boss_web_controller,build_dynamic_response,4,[{file,"src/boss/boss_web_controller.erl"},{line,455}]},{mochiweb_http,headers,5,[{file,"src/mochiweb_http.erl"},{line,94}]},{proc_lib,init_p_do_apply,3,[{file,"proc_lib.erl"},{line,227}]}]}2013-04-17 15:59:14 =ERROR REPORT====
GET /posts/post_detail/scratch/83-179-164-220-188-92-118-208-235-135-66-175-102-59-225-49 [nuty] 500 47ms2013-04-17 15:59:16 =ERROR REPORT====
{function_clause,[{nuty_posts_controller,post_detail,['GET',["scratch","83-179-164-220-188-92-118-208-235-135-66-175-102-59-225-49"],{nuty_posts_controller,{simple_bridge_request_wrapper,mochiweb_request_bridge,{mochiweb_request,[#Port<0.15266>,'GET',"/posts/post_detail/scratch/83-179-164-220-188-92-118-208-235-135-66-175-102-59-225-49",{1,1},{8,{"host",{'Host',"127.0.0.1:8001"},{"accept",{'Accept',"image/png,image/*;q=0.8,*/*;q=0.5"},nil,{"accept-language",{'Accept-Language',"zh-cn,zh;q=0.8,en-us;q=0.5,en;q=0.3"},{"accept-encoding",{'Accept-Encoding',"gzip, deflate"},nil,nil},{"cookie",{'Cookie',"Hm_lvt_7708418b490e83ac4f86d035fc2945af=1365564174,1365650345,1365664176,1365768168; csrftoken=XrnCsJhUyxJGP7eFL5E0ByGn0DBEkyRR; sessionid=bc680deb42a35a46680a7257ba718f68; _boss_session=8e4bee57f204c4af495775653a95360a2a99bb23"},{"connection",{'Connection',"keep-alive"},nil,nil},nil}}},{"user-agent",{'User-Agent',"Mozilla/5.0 (X11; Ubuntu; Linux x86_64; rv:20.0) Gecko/20100101 Firefox/20.0"},{"referer",{'Referer',"http://127.0.0.1:8001/posts/post_detail/posts-1"},nil,nil},nil}}}]},false,[],[],none}}],[]},{boss_web_controller,execute_action,5,[{file,"src/boss/boss_web_controller.erl"},{line,829}]},{boss_web_controller,process_dynamic_request,5,[{file,"src/boss/boss_web_controller.erl"},{line,536}]},{boss_web_controller,process_request,5,[{file,"src/boss/boss_web_controller.erl"},{line,525}]},{timer,tc,3,[{file,"timer.erl"},{line,194}]},{boss_web_controller,build_dynamic_response,4,[{file,"src/boss/boss_web_controller.erl"},{line,455}]},{mochiweb_http,headers,5,[{file,"src/mochiweb_http.erl"},{line,94}]},{proc_lib,init_p_do_apply,3,[{file,"proc_lib.erl"},{line,227}]}]}2013-04-17 15:59:17 =ERROR REPORT====
GET /posts/post_detail/scratch/83-179-164-220-188-92-118-208-235-135-66-175-102-59-225-49 [nuty] 500 46ms2013-04-17 15:59:18 =ERROR REPORT====
{function_clause,[{nuty_posts_controller,post_detail,['GET',["scratch","83-179-164-220-188-92-118-208-235-135-66-175-102-59-225-49"],{nuty_posts_controller,{simple_bridge_request_wrapper,mochiweb_request_bridge,{mochiweb_request,[#Port<0.15266>,'GET',"/posts/post_detail/scratch/83-179-164-220-188-92-118-208-235-135-66-175-102-59-225-49",{1,1},{8,{"host",{'Host',"127.0.0.1:8001"},{"accept",{'Accept',"image/png,image/*;q=0.8,*/*;q=0.5"},nil,{"accept-language",{'Accept-Language',"zh-cn,zh;q=0.8,en-us;q=0.5,en;q=0.3"},{"accept-encoding",{'Accept-Encoding',"gzip, deflate"},nil,nil},{"cookie",{'Cookie',"Hm_lvt_7708418b490e83ac4f86d035fc2945af=1365564174,1365650345,1365664176,1365768168; csrftoken=XrnCsJhUyxJGP7eFL5E0ByGn0DBEkyRR; sessionid=bc680deb42a35a46680a7257ba718f68; _boss_session=8e4bee57f204c4af495775653a95360a2a99bb23"},{"connection",{'Connection',"keep-alive"},nil,nil},nil}}},{"user-agent",{'User-Agent',"Mozilla/5.0 (X11; Ubuntu; Linux x86_64; rv:20.0) Gecko/20100101 Firefox/20.0"},{"referer",{'Referer',"http://127.0.0.1:8001/posts/post_detail/posts-1"},nil,nil},nil}}}]},false,[],[],none}}],[]},{boss_web_controller,execute_action,5,[{file,"src/boss/boss_web_controller.erl"},{line,829}]},{boss_web_controller,process_dynamic_request,5,[{file,"src/boss/boss_web_controller.erl"},{line,536}]},{boss_web_controller,process_request,5,[{file,"src/boss/boss_web_controller.erl"},{line,525}]},{timer,tc,3,[{file,"timer.erl"},{line,194}]},{boss_web_controller,build_dynamic_response,4,[{file,"src/boss/boss_web_controller.erl"},{line,455}]},{mochiweb_http,headers,5,[{file,"src/mochiweb_http.erl"},{line,94}]},{proc_lib,init_p_do_apply,3,[{file,"proc_lib.erl"},{line,227}]}]}2013-04-17 15:59:18 =ERROR REPORT====
GET /posts/post_detail/scratch/83-179-164-220-188-92-118-208-235-135-66-175-102-59-225-49 [nuty] 500 47ms2013-04-17 15:59:20 =ERROR REPORT====
{function_clause,[{nuty_posts_controller,post_detail,['GET',["scratch","83-179-164-220-188-92-118-208-235-135-66-175-102-59-225-49"],{nuty_posts_controller,{simple_bridge_request_wrapper,mochiweb_request_bridge,{mochiweb_request,[#Port<0.15266>,'GET',"/posts/post_detail/scratch/83-179-164-220-188-92-118-208-235-135-66-175-102-59-225-49",{1,1},{8,{"host",{'Host',"127.0.0.1:8001"},{"accept",{'Accept',"image/png,image/*;q=0.8,*/*;q=0.5"},nil,{"accept-language",{'Accept-Language',"zh-cn,zh;q=0.8,en-us;q=0.5,en;q=0.3"},{"accept-encoding",{'Accept-Encoding',"gzip, deflate"},nil,nil},{"cookie",{'Cookie',"Hm_lvt_7708418b490e83ac4f86d035fc2945af=1365564174,1365650345,1365664176,1365768168; csrftoken=XrnCsJhUyxJGP7eFL5E0ByGn0DBEkyRR; sessionid=bc680deb42a35a46680a7257ba718f68; _boss_session=8e4bee57f204c4af495775653a95360a2a99bb23"},{"connection",{'Connection',"keep-alive"},nil,nil},nil}}},{"user-agent",{'User-Agent',"Mozilla/5.0 (X11; Ubuntu; Linux x86_64; rv:20.0) Gecko/20100101 Firefox/20.0"},{"referer",{'Referer',"http://127.0.0.1:8001/posts/post_detail/posts-1"},nil,nil},nil}}}]},false,[],[],none}}],[]},{boss_web_controller,execute_action,5,[{file,"src/boss/boss_web_controller.erl"},{line,829}]},{boss_web_controller,process_dynamic_request,5,[{file,"src/boss/boss_web_controller.erl"},{line,536}]},{boss_web_controller,process_request,5,[{file,"src/boss/boss_web_controller.erl"},{line,525}]},{timer,tc,3,[{file,"timer.erl"},{line,194}]},{boss_web_controller,build_dynamic_response,4,[{file,"src/boss/boss_web_controller.erl"},{line,455}]},{mochiweb_http,headers,5,[{file,"src/mochiweb_http.erl"},{line,94}]},{proc_lib,init_p_do_apply,3,[{file,"proc_lib.erl"},{line,227}]}]}2013-04-17 15:59:20 =ERROR REPORT====
GET /posts/post_detail/scratch/83-179-164-220-188-92-118-208-235-135-66-175-102-59-225-49 [nuty] 500 46ms2013-04-17 15:59:24 =ERROR REPORT====
{function_clause,[{nuty_posts_controller,post_detail,['GET',["scratch","83-179-164-220-188-92-118-208-235-135-66-175-102-59-225-49"],{nuty_posts_controller,{simple_bridge_request_wrapper,mochiweb_request_bridge,{mochiweb_request,[#Port<0.15266>,'GET',"/posts/post_detail/scratch/83-179-164-220-188-92-118-208-235-135-66-175-102-59-225-49",{1,1},{8,{"host",{'Host',"127.0.0.1:8001"},{"accept",{'Accept',"image/png,image/*;q=0.8,*/*;q=0.5"},nil,{"accept-language",{'Accept-Language',"zh-cn,zh;q=0.8,en-us;q=0.5,en;q=0.3"},{"accept-encoding",{'Accept-Encoding',"gzip, deflate"},nil,nil},{"cookie",{'Cookie',"Hm_lvt_7708418b490e83ac4f86d035fc2945af=1365564174,1365650345,1365664176,1365768168; csrftoken=XrnCsJhUyxJGP7eFL5E0ByGn0DBEkyRR; sessionid=bc680deb42a35a46680a7257ba718f68; _boss_session=8e4bee57f204c4af495775653a95360a2a99bb23"},{"connection",{'Connection',"keep-alive"},nil,nil},nil}}},{"user-agent",{'User-Agent',"Mozilla/5.0 (X11; Ubuntu; Linux x86_64; rv:20.0) Gecko/20100101 Firefox/20.0"},{"referer",{'Referer',"http://127.0.0.1:8001/posts/post_detail/posts-1"},nil,nil},nil}}}]},false,[],[],none}}],[]},{boss_web_controller,execute_action,5,[{file,"src/boss/boss_web_controller.erl"},{line,829}]},{boss_web_controller,process_dynamic_request,5,[{file,"src/boss/boss_web_controller.erl"},{line,536}]},{boss_web_controller,process_request,5,[{file,"src/boss/boss_web_controller.erl"},{line,525}]},{timer,tc,3,[{file,"timer.erl"},{line,194}]},{boss_web_controller,build_dynamic_response,4,[{file,"src/boss/boss_web_controller.erl"},{line,455}]},{mochiweb_http,headers,5,[{file,"src/mochiweb_http.erl"},{line,94}]},{proc_lib,init_p_do_apply,3,[{file,"proc_lib.erl"},{line,227}]}]}2013-04-17 15:59:24 =ERROR REPORT====
GET /posts/post_detail/scratch/83-179-164-220-188-92-118-208-235-135-66-175-102-59-225-49 [nuty] 500 47ms2013-04-17 15:59:25 =ERROR REPORT====
{function_clause,[{nuty_posts_controller,post_detail,['GET',["scratch","83-179-164-220-188-92-118-208-235-135-66-175-102-59-225-49"],{nuty_posts_controller,{simple_bridge_request_wrapper,mochiweb_request_bridge,{mochiweb_request,[#Port<0.15266>,'GET',"/posts/post_detail/scratch/83-179-164-220-188-92-118-208-235-135-66-175-102-59-225-49",{1,1},{8,{"host",{'Host',"127.0.0.1:8001"},{"accept",{'Accept',"image/png,image/*;q=0.8,*/*;q=0.5"},nil,{"accept-language",{'Accept-Language',"zh-cn,zh;q=0.8,en-us;q=0.5,en;q=0.3"},{"accept-encoding",{'Accept-Encoding',"gzip, deflate"},nil,nil},{"cookie",{'Cookie',"Hm_lvt_7708418b490e83ac4f86d035fc2945af=1365564174,1365650345,1365664176,1365768168; csrftoken=XrnCsJhUyxJGP7eFL5E0ByGn0DBEkyRR; sessionid=bc680deb42a35a46680a7257ba718f68; _boss_session=8e4bee57f204c4af495775653a95360a2a99bb23"},{"connection",{'Connection',"keep-alive"},nil,nil},nil}}},{"user-agent",{'User-Agent',"Mozilla/5.0 (X11; Ubuntu; Linux x86_64; rv:20.0) Gecko/20100101 Firefox/20.0"},{"referer",{'Referer',"http://127.0.0.1:8001/posts/post_detail/posts-1"},nil,nil},nil}}}]},false,[],[],none}}],[]},{boss_web_controller,execute_action,5,[{file,"src/boss/boss_web_controller.erl"},{line,829}]},{boss_web_controller,process_dynamic_request,5,[{file,"src/boss/boss_web_controller.erl"},{line,536}]},{boss_web_controller,process_request,5,[{file,"src/boss/boss_web_controller.erl"},{line,525}]},{timer,tc,3,[{file,"timer.erl"},{line,194}]},{boss_web_controller,build_dynamic_response,4,[{file,"src/boss/boss_web_controller.erl"},{line,455}]},{mochiweb_http,headers,5,[{file,"src/mochiweb_http.erl"},{line,94}]},{proc_lib,init_p_do_apply,3,[{file,"proc_lib.erl"},{line,227}]}]}2013-04-17 15:59:25 =ERROR REPORT====
GET /posts/post_detail/scratch/83-179-164-220-188-92-118-208-235-135-66-175-102-59-225-49 [nuty] 500 46ms2013-04-17 16:05:05 =ERROR REPORT====
{function_clause,[{nuty_posts_controller,post_detail,['GET',["scratch","83-179-164-220-188-92-118-208-235-135-66-175-102-59-225-49"],{nuty_posts_controller,{simple_bridge_request_wrapper,mochiweb_request_bridge,{mochiweb_request,[#Port<0.15544>,'GET',"/posts/post_detail/scratch/83-179-164-220-188-92-118-208-235-135-66-175-102-59-225-49",{1,1},{8,{"host",{'Host',"127.0.0.1:8001"},{"accept",{'Accept',"image/png,image/*;q=0.8,*/*;q=0.5"},nil,{"accept-language",{'Accept-Language',"zh-cn,zh;q=0.8,en-us;q=0.5,en;q=0.3"},{"accept-encoding",{'Accept-Encoding',"gzip, deflate"},nil,nil},{"cookie",{'Cookie',"Hm_lvt_7708418b490e83ac4f86d035fc2945af=1365564174,1365650345,1365664176,1365768168; csrftoken=XrnCsJhUyxJGP7eFL5E0ByGn0DBEkyRR; sessionid=bc680deb42a35a46680a7257ba718f68; _boss_session=8e4bee57f204c4af495775653a95360a2a99bb23"},{"connection",{'Connection',"keep-alive"},nil,nil},nil}}},{"user-agent",{'User-Agent',"Mozilla/5.0 (X11; Ubuntu; Linux x86_64; rv:20.0) Gecko/20100101 Firefox/20.0"},{"referer",{'Referer',"http://127.0.0.1:8001/posts/post_detail/posts-1"},nil,nil},nil}}}]},false,[],[],none}}],[]},{boss_web_controller,execute_action,5,[{file,"src/boss/boss_web_controller.erl"},{line,829}]},{boss_web_controller,process_dynamic_request,5,[{file,"src/boss/boss_web_controller.erl"},{line,536}]},{boss_web_controller,process_request,5,[{file,"src/boss/boss_web_controller.erl"},{line,525}]},{timer,tc,3,[{file,"timer.erl"},{line,194}]},{boss_web_controller,build_dynamic_response,4,[{file,"src/boss/boss_web_controller.erl"},{line,455}]},{mochiweb_http,headers,5,[{file,"src/mochiweb_http.erl"},{line,94}]},{proc_lib,init_p_do_apply,3,[{file,"proc_lib.erl"},{line,227}]}]}2013-04-17 16:05:06 =ERROR REPORT====
GET /posts/post_detail/scratch/83-179-164-220-188-92-118-208-235-135-66-175-102-59-225-49 [nuty] 500 47ms2013-04-17 16:09:10 =ERROR REPORT====
{function_clause,[{nuty_posts_controller,post_detail,['GET',["scratch","83-179-164-220-188-92-118-208-235-135-66-175-102-59-225-49"],{nuty_posts_controller,{simple_bridge_request_wrapper,mochiweb_request_bridge,{mochiweb_request,[#Port<0.15582>,'GET',"/posts/post_detail/scratch/83-179-164-220-188-92-118-208-235-135-66-175-102-59-225-49",{1,1},{8,{"host",{'Host',"127.0.0.1:8001"},{"accept",{'Accept',"image/png,image/*;q=0.8,*/*;q=0.5"},nil,{"accept-language",{'Accept-Language',"zh-cn,zh;q=0.8,en-us;q=0.5,en;q=0.3"},{"accept-encoding",{'Accept-Encoding',"gzip, deflate"},nil,nil},{"cookie",{'Cookie',"Hm_lvt_7708418b490e83ac4f86d035fc2945af=1365564174,1365650345,1365664176,1365768168; csrftoken=XrnCsJhUyxJGP7eFL5E0ByGn0DBEkyRR; sessionid=bc680deb42a35a46680a7257ba718f68; _boss_session=8e4bee57f204c4af495775653a95360a2a99bb23"},{"connection",{'Connection',"keep-alive"},nil,nil},nil}}},{"user-agent",{'User-Agent',"Mozilla/5.0 (X11; Ubuntu; Linux x86_64; rv:20.0) Gecko/20100101 Firefox/20.0"},{"referer",{'Referer',"http://127.0.0.1:8001/posts/post_detail/posts-1"},nil,nil},nil}}}]},false,[],[],none}}],[]},{boss_web_controller,execute_action,5,[{file,"src/boss/boss_web_controller.erl"},{line,829}]},{boss_web_controller,process_dynamic_request,5,[{file,"src/boss/boss_web_controller.erl"},{line,536}]},{boss_web_controller,process_request,5,[{file,"src/boss/boss_web_controller.erl"},{line,525}]},{timer,tc,3,[{file,"timer.erl"},{line,194}]},{boss_web_controller,build_dynamic_response,4,[{file,"src/boss/boss_web_controller.erl"},{line,455}]},{mochiweb_http,headers,5,[{file,"src/mochiweb_http.erl"},{line,94}]},{proc_lib,init_p_do_apply,3,[{file,"proc_lib.erl"},{line,227}]}]}2013-04-17 16:09:10 =ERROR REPORT====
GET /posts/post_detail/scratch/83-179-164-220-188-92-118-208-235-135-66-175-102-59-225-49 [nuty] 500 58ms2013-04-17 16:09:18 =ERROR REPORT====
{function_clause,[{nuty_posts_controller,post_detail,['GET',["scratch","83-179-164-220-188-92-118-208-235-135-66-175-102-59-225-49"],{nuty_posts_controller,{simple_bridge_request_wrapper,mochiweb_request_bridge,{mochiweb_request,[#Port<0.15582>,'GET',"/posts/post_detail/scratch/83-179-164-220-188-92-118-208-235-135-66-175-102-59-225-49",{1,1},{8,{"host",{'Host',"127.0.0.1:8001"},{"accept",{'Accept',"image/png,image/*;q=0.8,*/*;q=0.5"},nil,{"accept-language",{'Accept-Language',"zh-cn,zh;q=0.8,en-us;q=0.5,en;q=0.3"},{"accept-encoding",{'Accept-Encoding',"gzip, deflate"},nil,nil},{"cookie",{'Cookie',"Hm_lvt_7708418b490e83ac4f86d035fc2945af=1365564174,1365650345,1365664176,1365768168; csrftoken=XrnCsJhUyxJGP7eFL5E0ByGn0DBEkyRR; sessionid=bc680deb42a35a46680a7257ba718f68; _boss_session=8e4bee57f204c4af495775653a95360a2a99bb23"},{"connection",{'Connection',"keep-alive"},nil,nil},nil}}},{"user-agent",{'User-Agent',"Mozilla/5.0 (X11; Ubuntu; Linux x86_64; rv:20.0) Gecko/20100101 Firefox/20.0"},{"referer",{'Referer',"http://127.0.0.1:8001/posts/post_detail/posts-1"},nil,nil},nil}}}]},false,[],[],none}}],[]},{boss_web_controller,execute_action,5,[{file,"src/boss/boss_web_controller.erl"},{line,829}]},{boss_web_controller,process_dynamic_request,5,[{file,"src/boss/boss_web_controller.erl"},{line,536}]},{boss_web_controller,process_request,5,[{file,"src/boss/boss_web_controller.erl"},{line,525}]},{timer,tc,3,[{file,"timer.erl"},{line,194}]},{boss_web_controller,build_dynamic_response,4,[{file,"src/boss/boss_web_controller.erl"},{line,455}]},{mochiweb_http,headers,5,[{file,"src/mochiweb_http.erl"},{line,94}]},{proc_lib,init_p_do_apply,3,[{file,"proc_lib.erl"},{line,227}]}]}2013-04-17 16:09:18 =ERROR REPORT====
GET /posts/post_detail/scratch/83-179-164-220-188-92-118-208-235-135-66-175-102-59-225-49 [nuty] 500 47ms2013-04-17 16:17:09 =ERROR REPORT====
{function_clause,[{nuty_posts_controller,post_detail,['GET',["scratch","83-179-164-220-188-92-118-208-235-135-66-175-102-59-225-49"],{nuty_posts_controller,{simple_bridge_request_wrapper,mochiweb_request_bridge,{mochiweb_request,[#Port<0.15645>,'GET',"/posts/post_detail/scratch/83-179-164-220-188-92-118-208-235-135-66-175-102-59-225-49",{1,1},{8,{"host",{'Host',"127.0.0.1:8001"},{"accept",{'Accept',"image/png,image/*;q=0.8,*/*;q=0.5"},nil,{"accept-language",{'Accept-Language',"zh-cn,zh;q=0.8,en-us;q=0.5,en;q=0.3"},{"accept-encoding",{'Accept-Encoding',"gzip, deflate"},nil,nil},{"cookie",{'Cookie',"Hm_lvt_7708418b490e83ac4f86d035fc2945af=1365564174,1365650345,1365664176,1365768168; csrftoken=XrnCsJhUyxJGP7eFL5E0ByGn0DBEkyRR; sessionid=bc680deb42a35a46680a7257ba718f68; _boss_session=8e4bee57f204c4af495775653a95360a2a99bb23"},{"connection",{'Connection',"keep-alive"},nil,nil},nil}}},{"user-agent",{'User-Agent',"Mozilla/5.0 (X11; Ubuntu; Linux x86_64; rv:20.0) Gecko/20100101 Firefox/20.0"},{"referer",{'Referer',"http://127.0.0.1:8001/posts/post_detail/posts-1"},nil,nil},nil}}}]},false,[],[],none}}],[]},{boss_web_controller,execute_action,5,[{file,"src/boss/boss_web_controller.erl"},{line,829}]},{boss_web_controller,process_dynamic_request,5,[{file,"src/boss/boss_web_controller.erl"},{line,536}]},{boss_web_controller,process_request,5,[{file,"src/boss/boss_web_controller.erl"},{line,525}]},{timer,tc,3,[{file,"timer.erl"},{line,194}]},{boss_web_controller,build_dynamic_response,4,[{file,"src/boss/boss_web_controller.erl"},{line,455}]},{mochiweb_http,headers,5,[{file,"src/mochiweb_http.erl"},{line,94}]},{proc_lib,init_p_do_apply,3,[{file,"proc_lib.erl"},{line,227}]}]}2013-04-17 16:17:09 =ERROR REPORT====
GET /posts/post_detail/scratch/83-179-164-220-188-92-118-208-235-135-66-175-102-59-225-49 [nuty] 500 51ms2013-04-17 16:17:17 =ERROR REPORT====
{function_clause,[{nuty_posts_controller,post_detail,['GET',["scratch","83-179-164-220-188-92-118-208-235-135-66-175-102-59-225-49"],{nuty_posts_controller,{simple_bridge_request_wrapper,mochiweb_request_bridge,{mochiweb_request,[#Port<0.15645>,'GET',"/posts/post_detail/scratch/83-179-164-220-188-92-118-208-235-135-66-175-102-59-225-49",{1,1},{8,{"host",{'Host',"127.0.0.1:8001"},{"accept",{'Accept',"image/png,image/*;q=0.8,*/*;q=0.5"},nil,{"accept-language",{'Accept-Language',"zh-cn,zh;q=0.8,en-us;q=0.5,en;q=0.3"},{"accept-encoding",{'Accept-Encoding',"gzip, deflate"},nil,nil},{"cookie",{'Cookie',"Hm_lvt_7708418b490e83ac4f86d035fc2945af=1365564174,1365650345,1365664176,1365768168; csrftoken=XrnCsJhUyxJGP7eFL5E0ByGn0DBEkyRR; sessionid=bc680deb42a35a46680a7257ba718f68; _boss_session=8e4bee57f204c4af495775653a95360a2a99bb23"},{"connection",{'Connection',"keep-alive"},nil,nil},nil}}},{"user-agent",{'User-Agent',"Mozilla/5.0 (X11; Ubuntu; Linux x86_64; rv:20.0) Gecko/20100101 Firefox/20.0"},{"referer",{'Referer',"http://127.0.0.1:8001/posts/post_detail/posts-1"},nil,nil},nil}}}]},false,[],[],none}}],[]},{boss_web_controller,execute_action,5,[{file,"src/boss/boss_web_controller.erl"},{line,829}]},{boss_web_controller,process_dynamic_request,5,[{file,"src/boss/boss_web_controller.erl"},{line,536}]},{boss_web_controller,process_request,5,[{file,"src/boss/boss_web_controller.erl"},{line,525}]},{timer,tc,3,[{file,"timer.erl"},{line,194}]},{boss_web_controller,build_dynamic_response,4,[{file,"src/boss/boss_web_controller.erl"},{line,455}]},{mochiweb_http,headers,5,[{file,"src/mochiweb_http.erl"},{line,94}]},{proc_lib,init_p_do_apply,3,[{file,"proc_lib.erl"},{line,227}]}]}2013-04-17 16:17:17 =ERROR REPORT====
GET /posts/post_detail/scratch/83-179-164-220-188-92-118-208-235-135-66-175-102-59-225-49 [nuty] 500 47ms2013-04-17 16:17:27 =ERROR REPORT====
{function_clause,[{nuty_posts_controller,post_detail,['GET',["scratch","208-112-84-48-125-148-146-130-87-181-42-181-117-220-90-210"],{nuty_posts_controller,{simple_bridge_request_wrapper,mochiweb_request_bridge,{mochiweb_request,[#Port<0.15645>,'GET',"/posts/post_detail/scratch/208-112-84-48-125-148-146-130-87-181-42-181-117-220-90-210",{1,1},{8,{"host",{'Host',"127.0.0.1:8001"},{"accept",{'Accept',"image/png,image/*;q=0.8,*/*;q=0.5"},nil,{"accept-language",{'Accept-Language',"zh-cn,zh;q=0.8,en-us;q=0.5,en;q=0.3"},{"accept-encoding",{'Accept-Encoding',"gzip, deflate"},nil,nil},{"cookie",{'Cookie',"Hm_lvt_7708418b490e83ac4f86d035fc2945af=1365564174,1365650345,1365664176,1365768168; csrftoken=XrnCsJhUyxJGP7eFL5E0ByGn0DBEkyRR; sessionid=bc680deb42a35a46680a7257ba718f68; _boss_session=8e4bee57f204c4af495775653a95360a2a99bb23"},{"connection",{'Connection',"keep-alive"},nil,nil},nil}}},{"user-agent",{'User-Agent',"Mozilla/5.0 (X11; Ubuntu; Linux x86_64; rv:20.0) Gecko/20100101 Firefox/20.0"},{"referer",{'Referer',"http://127.0.0.1:8001/posts/post_detail/posts-4"},nil,nil},nil}}}]},false,[],[],none}}],[]},{boss_web_controller,execute_action,5,[{file,"src/boss/boss_web_controller.erl"},{line,829}]},{boss_web_controller,process_dynamic_request,5,[{file,"src/boss/boss_web_controller.erl"},{line,536}]},{boss_web_controller,process_request,5,[{file,"src/boss/boss_web_controller.erl"},{line,525}]},{timer,tc,3,[{file,"timer.erl"},{line,194}]},{boss_web_controller,build_dynamic_response,4,[{file,"src/boss/boss_web_controller.erl"},{line,455}]},{mochiweb_http,headers,5,[{file,"src/mochiweb_http.erl"},{line,94}]},{proc_lib,init_p_do_apply,3,[{file,"proc_lib.erl"},{line,227}]}]}2013-04-17 16:17:27 =ERROR REPORT====
GET /posts/post_detail/scratch/208-112-84-48-125-148-146-130-87-181-42-181-117-220-90-210 [nuty] 500 48ms2013-04-17 16:17:47 =ERROR REPORT====
GET /scratch/208-112-84-48-125-148-146-130-87-181-42-181-117-220-90-210 [nuty] 404 1ms2013-04-17 16:22:36 =ERROR REPORT====
{function_clause,[{nuty_posts_controller,post_detail,['GET',["scratch","208-112-84-48-125-148-146-130-87-181-42-181-117-220-90-210"],{nuty_posts_controller,{simple_bridge_request_wrapper,mochiweb_request_bridge,{mochiweb_request,[#Port<0.16928>,'GET',"/posts/post_detail/scratch/208-112-84-48-125-148-146-130-87-181-42-181-117-220-90-210",{1,1},{8,{"host",{'Host',"127.0.0.1:8001"},{"accept",{'Accept',"image/png,image/*;q=0.8,*/*;q=0.5"},nil,{"accept-language",{'Accept-Language',"zh-cn,zh;q=0.8,en-us;q=0.5,en;q=0.3"},{"accept-encoding",{'Accept-Encoding',"gzip, deflate"},nil,nil},{"cookie",{'Cookie',"Hm_lvt_7708418b490e83ac4f86d035fc2945af=1365564174,1365650345,1365664176,1365768168; csrftoken=XrnCsJhUyxJGP7eFL5E0ByGn0DBEkyRR; sessionid=bc680deb42a35a46680a7257ba718f68; _boss_session=8e4bee57f204c4af495775653a95360a2a99bb23"},{"connection",{'Connection',"keep-alive"},nil,nil},nil}}},{"user-agent",{'User-Agent',"Mozilla/5.0 (X11; Ubuntu; Linux x86_64; rv:20.0) Gecko/20100101 Firefox/20.0"},{"referer",{'Referer',"http://127.0.0.1:8001/posts/post_detail/posts-4"},nil,nil},nil}}}]},false,[],[],none}}],[]},{boss_web_controller,execute_action,5,[{file,"src/boss/boss_web_controller.erl"},{line,829}]},{boss_web_controller,process_dynamic_request,5,[{file,"src/boss/boss_web_controller.erl"},{line,536}]},{boss_web_controller,process_request,5,[{file,"src/boss/boss_web_controller.erl"},{line,525}]},{timer,tc,3,[{file,"timer.erl"},{line,194}]},{boss_web_controller,build_dynamic_response,4,[{file,"src/boss/boss_web_controller.erl"},{line,455}]},{mochiweb_http,headers,5,[{file,"src/mochiweb_http.erl"},{line,94}]},{proc_lib,init_p_do_apply,3,[{file,"proc_lib.erl"},{line,227}]}]}2013-04-17 16:22:36 =ERROR REPORT====
GET /posts/post_detail/scratch/208-112-84-48-125-148-146-130-87-181-42-181-117-220-90-210 [nuty] 500 49ms2013-04-17 16:22:44 =ERROR REPORT====
{function_clause,[{nuty_posts_controller,post_detail,['GET',["scratch","244-91-4-210-56-64-242-28-141-102-148-75-169-89-173-64"],{nuty_posts_controller,{simple_bridge_request_wrapper,mochiweb_request_bridge,{mochiweb_request,[#Port<0.16928>,'GET',"/posts/post_detail/scratch/244-91-4-210-56-64-242-28-141-102-148-75-169-89-173-64",{1,1},{8,{"host",{'Host',"127.0.0.1:8001"},{"accept",{'Accept',"image/png,image/*;q=0.8,*/*;q=0.5"},nil,{"accept-language",{'Accept-Language',"zh-cn,zh;q=0.8,en-us;q=0.5,en;q=0.3"},{"accept-encoding",{'Accept-Encoding',"gzip, deflate"},nil,nil},{"cookie",{'Cookie',"Hm_lvt_7708418b490e83ac4f86d035fc2945af=1365564174,1365650345,1365664176,1365768168; csrftoken=XrnCsJhUyxJGP7eFL5E0ByGn0DBEkyRR; sessionid=bc680deb42a35a46680a7257ba718f68; _boss_session=8e4bee57f204c4af495775653a95360a2a99bb23"},{"connection",{'Connection',"keep-alive"},nil,nil},nil}}},{"user-agent",{'User-Agent',"Mozilla/5.0 (X11; Ubuntu; Linux x86_64; rv:20.0) Gecko/20100101 Firefox/20.0"},{"referer",{'Referer',"http://127.0.0.1:8001/posts/post_detail/posts-5"},nil,nil},nil}}}]},false,[],[],none}}],[]},{boss_web_controller,execute_action,5,[{file,"src/boss/boss_web_controller.erl"},{line,829}]},{boss_web_controller,process_dynamic_request,5,[{file,"src/boss/boss_web_controller.erl"},{line,536}]},{boss_web_controller,process_request,5,[{file,"src/boss/boss_web_controller.erl"},{line,525}]},{timer,tc,3,[{file,"timer.erl"},{line,194}]},{boss_web_controller,build_dynamic_response,4,[{file,"src/boss/boss_web_controller.erl"},{line,455}]},{mochiweb_http,headers,5,[{file,"src/mochiweb_http.erl"},{line,94}]},{proc_lib,init_p_do_apply,3,[{file,"proc_lib.erl"},{line,227}]}]}2013-04-17 16:22:44 =ERROR REPORT====
GET /posts/post_detail/scratch/244-91-4-210-56-64-242-28-141-102-148-75-169-89-173-64 [nuty] 500 46ms2013-04-17 16:23:36 =ERROR REPORT====
{function_clause,[{nuty_posts_controller,post_detail,['GET',["scratch","184-128-114-39-40-118-31-101-247-97-31-211-153-116-48-60"],{nuty_posts_controller,{simple_bridge_request_wrapper,mochiweb_request_bridge,{mochiweb_request,[#Port<0.16928>,'GET',"/posts/post_detail/scratch/184-128-114-39-40-118-31-101-247-97-31-211-153-116-48-60",{1,1},{8,{"host",{'Host',"127.0.0.1:8001"},{"accept",{'Accept',"image/png,image/*;q=0.8,*/*;q=0.5"},nil,{"accept-language",{'Accept-Language',"zh-cn,zh;q=0.8,en-us;q=0.5,en;q=0.3"},{"accept-encoding",{'Accept-Encoding',"gzip, deflate"},nil,nil},{"cookie",{'Cookie',"Hm_lvt_7708418b490e83ac4f86d035fc2945af=1365564174,1365650345,1365664176,1365768168; csrftoken=XrnCsJhUyxJGP7eFL5E0ByGn0DBEkyRR; sessionid=bc680deb42a35a46680a7257ba718f68; _boss_session=8e4bee57f204c4af495775653a95360a2a99bb23"},{"connection",{'Connection',"keep-alive"},nil,nil},nil}}},{"user-agent",{'User-Agent',"Mozilla/5.0 (X11; Ubuntu; Linux x86_64; rv:20.0) Gecko/20100101 Firefox/20.0"},{"referer",{'Referer',"http://127.0.0.1:8001/posts/post_detail/posts-6"},nil,nil},nil}}}]},false,[],[],none}}],[]},{boss_web_controller,execute_action,5,[{file,"src/boss/boss_web_controller.erl"},{line,829}]},{boss_web_controller,process_dynamic_request,5,[{file,"src/boss/boss_web_controller.erl"},{line,536}]},{boss_web_controller,process_request,5,[{file,"src/boss/boss_web_controller.erl"},{line,525}]},{timer,tc,3,[{file,"timer.erl"},{line,194}]},{boss_web_controller,build_dynamic_response,4,[{file,"src/boss/boss_web_controller.erl"},{line,455}]},{mochiweb_http,headers,5,[{file,"src/mochiweb_http.erl"},{line,94}]},{proc_lib,init_p_do_apply,3,[{file,"proc_lib.erl"},{line,227}]}]}2013-04-17 16:23:36 =ERROR REPORT====
GET /posts/post_detail/scratch/184-128-114-39-40-118-31-101-247-97-31-211-153-116-48-60 [nuty] 500 48ms2013-04-17 16:36:27 =ERROR REPORT====
{function_clause,[{nuty_posts_controller,post_detail,['GET',["scratch","208-112-84-48-125-148-146-130-87-181-42-181-117-220-90-210"],{nuty_posts_controller,{simple_bridge_request_wrapper,mochiweb_request_bridge,{mochiweb_request,[#Port<0.20655>,'GET',"/posts/post_detail/scratch/208-112-84-48-125-148-146-130-87-181-42-181-117-220-90-210",{1,1},{8,{"host",{'Host',"127.0.0.1:8001"},{"accept",{'Accept',"image/png,image/*;q=0.8,*/*;q=0.5"},nil,{"accept-language",{'Accept-Language',"zh-cn,zh;q=0.8,en-us;q=0.5,en;q=0.3"},{"accept-encoding",{'Accept-Encoding',"gzip, deflate"},nil,nil},{"cookie",{'Cookie',"Hm_lvt_7708418b490e83ac4f86d035fc2945af=1365564174,1365650345,1365664176,1365768168; csrftoken=XrnCsJhUyxJGP7eFL5E0ByGn0DBEkyRR; sessionid=bc680deb42a35a46680a7257ba718f68; _boss_session=8e4bee57f204c4af495775653a95360a2a99bb23"},{"connection",{'Connection',"keep-alive"},nil,nil},nil}}},{"user-agent",{'User-Agent',"Mozilla/5.0 (X11; Ubuntu; Linux x86_64; rv:20.0) Gecko/20100101 Firefox/20.0"},{"referer",{'Referer',"http://127.0.0.1:8001/posts/post_detail/posts-4"},nil,nil},nil}}}]},false,[],[],none}}],[]},{boss_web_controller,execute_action,5,[{file,"src/boss/boss_web_controller.erl"},{line,829}]},{boss_web_controller,process_dynamic_request,5,[{file,"src/boss/boss_web_controller.erl"},{line,536}]},{boss_web_controller,process_request,5,[{file,"src/boss/boss_web_controller.erl"},{line,525}]},{timer,tc,3,[{file,"timer.erl"},{line,194}]},{boss_web_controller,build_dynamic_response,4,[{file,"src/boss/boss_web_controller.erl"},{line,455}]},{mochiweb_http,headers,5,[{file,"src/mochiweb_http.erl"},{line,94}]},{proc_lib,init_p_do_apply,3,[{file,"proc_lib.erl"},{line,227}]}]}2013-04-17 16:36:27 =ERROR REPORT====
GET /posts/post_detail/scratch/208-112-84-48-125-148-146-130-87-181-42-181-117-220-90-210 [nuty] 500 45ms2013-04-17 16:55:35 =ERROR REPORT====
{function_clause,[{nuty_posts_controller,post_detail,['GET',["scratch","184-128-114-39-40-118-31-101-247-97-31-211-153-116-48-60"],{nuty_posts_controller,{simple_bridge_request_wrapper,mochiweb_request_bridge,{mochiweb_request,[#Port<0.20958>,'GET',"/posts/post_detail/scratch/184-128-114-39-40-118-31-101-247-97-31-211-153-116-48-60",{1,1},{8,{"host",{'Host',"127.0.0.1:8001"},{"accept",{'Accept',"image/png,image/*;q=0.8,*/*;q=0.5"},nil,{"accept-language",{'Accept-Language',"zh-cn,zh;q=0.8,en-us;q=0.5,en;q=0.3"},{"accept-encoding",{'Accept-Encoding',"gzip, deflate"},nil,nil},{"cookie",{'Cookie',"Hm_lvt_7708418b490e83ac4f86d035fc2945af=1365564174,1365650345,1365664176,1365768168; csrftoken=XrnCsJhUyxJGP7eFL5E0ByGn0DBEkyRR; sessionid=bc680deb42a35a46680a7257ba718f68; _boss_session=8e4bee57f204c4af495775653a95360a2a99bb23"},{"connection",{'Connection',"keep-alive"},nil,nil},nil}}},{"user-agent",{'User-Agent',"Mozilla/5.0 (X11; Ubuntu; Linux x86_64; rv:20.0) Gecko/20100101 Firefox/20.0"},{"referer",{'Referer',"http://127.0.0.1:8001/posts/post_detail/posts-6"},nil,nil},nil}}}]},false,[],[],none}}],[]},{boss_web_controller,execute_action,5,[{file,"src/boss/boss_web_controller.erl"},{line,829}]},{boss_web_controller,process_dynamic_request,5,[{file,"src/boss/boss_web_controller.erl"},{line,536}]},{boss_web_controller,process_request,5,[{file,"src/boss/boss_web_controller.erl"},{line,525}]},{timer,tc,3,[{file,"timer.erl"},{line,194}]},{boss_web_controller,build_dynamic_response,4,[{file,"src/boss/boss_web_controller.erl"},{line,455}]},{mochiweb_http,headers,5,[{file,"src/mochiweb_http.erl"},{line,94}]},{proc_lib,init_p_do_apply,3,[{file,"proc_lib.erl"},{line,227}]}]}2013-04-17 16:55:35 =ERROR REPORT====
GET /posts/post_detail/scratch/184-128-114-39-40-118-31-101-247-97-31-211-153-116-48-60 [nuty] 500 51ms2013-04-17 16:55:47 =ERROR REPORT====
{function_clause,[{nuty_posts_controller,post_detail,['GET',["scratch","184-128-114-39-40-118-31-101-247-97-31-211-153-116-48-60"],{nuty_posts_controller,{simple_bridge_request_wrapper,mochiweb_request_bridge,{mochiweb_request,[#Port<0.20958>,'GET',"/posts/post_detail/scratch/184-128-114-39-40-118-31-101-247-97-31-211-153-116-48-60",{1,1},{8,{"host",{'Host',"127.0.0.1:8001"},{"accept",{'Accept',"image/png,image/*;q=0.8,*/*;q=0.5"},nil,{"accept-language",{'Accept-Language',"zh-cn,zh;q=0.8,en-us;q=0.5,en;q=0.3"},{"accept-encoding",{'Accept-Encoding',"gzip, deflate"},nil,nil},{"cookie",{'Cookie',"Hm_lvt_7708418b490e83ac4f86d035fc2945af=1365564174,1365650345,1365664176,1365768168; csrftoken=XrnCsJhUyxJGP7eFL5E0ByGn0DBEkyRR; sessionid=bc680deb42a35a46680a7257ba718f68; _boss_session=8e4bee57f204c4af495775653a95360a2a99bb23"},{"connection",{'Connection',"keep-alive"},nil,nil},nil}}},{"user-agent",{'User-Agent',"Mozilla/5.0 (X11; Ubuntu; Linux x86_64; rv:20.0) Gecko/20100101 Firefox/20.0"},{"referer",{'Referer',"http://127.0.0.1:8001/posts/post_detail/posts-6"},nil,nil},nil}}}]},false,[],[],none}}],[]},{boss_web_controller,execute_action,5,[{file,"src/boss/boss_web_controller.erl"},{line,829}]},{boss_web_controller,process_dynamic_request,5,[{file,"src/boss/boss_web_controller.erl"},{line,536}]},{boss_web_controller,process_request,5,[{file,"src/boss/boss_web_controller.erl"},{line,525}]},{timer,tc,3,[{file,"timer.erl"},{line,194}]},{boss_web_controller,build_dynamic_response,4,[{file,"src/boss/boss_web_controller.erl"},{line,455}]},{mochiweb_http,headers,5,[{file,"src/mochiweb_http.erl"},{line,94}]},{proc_lib,init_p_do_apply,3,[{file,"proc_lib.erl"},{line,227}]}]}2013-04-17 16:55:47 =ERROR REPORT====
GET /posts/post_detail/scratch/184-128-114-39-40-118-31-101-247-97-31-211-153-116-48-60 [nuty] 500 50ms2013-04-17 16:55:51 =ERROR REPORT====
{function_clause,[{nuty_posts_controller,post_detail,['GET',["scratch","83-179-164-220-188-92-118-208-235-135-66-175-102-59-225-49"],{nuty_posts_controller,{simple_bridge_request_wrapper,mochiweb_request_bridge,{mochiweb_request,[#Port<0.20958>,'GET',"/posts/post_detail/scratch/83-179-164-220-188-92-118-208-235-135-66-175-102-59-225-49",{1,1},{8,{"host",{'Host',"127.0.0.1:8001"},{"accept",{'Accept',"image/png,image/*;q=0.8,*/*;q=0.5"},nil,{"accept-language",{'Accept-Language',"zh-cn,zh;q=0.8,en-us;q=0.5,en;q=0.3"},{"accept-encoding",{'Accept-Encoding',"gzip, deflate"},nil,nil},{"cookie",{'Cookie',"Hm_lvt_7708418b490e83ac4f86d035fc2945af=1365564174,1365650345,1365664176,1365768168; csrftoken=XrnCsJhUyxJGP7eFL5E0ByGn0DBEkyRR; sessionid=bc680deb42a35a46680a7257ba718f68; _boss_session=8e4bee57f204c4af495775653a95360a2a99bb23"},{"connection",{'Connection',"keep-alive"},nil,nil},nil}}},{"user-agent",{'User-Agent',"Mozilla/5.0 (X11; Ubuntu; Linux x86_64; rv:20.0) Gecko/20100101 Firefox/20.0"},{"referer",{'Referer',"http://127.0.0.1:8001/posts/post_detail/posts-1"},nil,nil},nil}}}]},false,[],[],none}}],[]},{boss_web_controller,execute_action,5,[{file,"src/boss/boss_web_controller.erl"},{line,829}]},{boss_web_controller,process_dynamic_request,5,[{file,"src/boss/boss_web_controller.erl"},{line,536}]},{boss_web_controller,process_request,5,[{file,"src/boss/boss_web_controller.erl"},{line,525}]},{timer,tc,3,[{file,"timer.erl"},{line,194}]},{boss_web_controller,build_dynamic_response,4,[{file,"src/boss/boss_web_controller.erl"},{line,455}]},{mochiweb_http,headers,5,[{file,"src/mochiweb_http.erl"},{line,94}]},{proc_lib,init_p_do_apply,3,[{file,"proc_lib.erl"},{line,227}]}]}2013-04-17 16:55:51 =ERROR REPORT====
GET /posts/post_detail/scratch/83-179-164-220-188-92-118-208-235-135-66-175-102-59-225-49 [nuty] 500 46ms2013-04-17 16:55:53 =ERROR REPORT====
{function_clause,[{nuty_posts_controller,post_detail,['GET',["scratch","208-112-84-48-125-148-146-130-87-181-42-181-117-220-90-210"],{nuty_posts_controller,{simple_bridge_request_wrapper,mochiweb_request_bridge,{mochiweb_request,[#Port<0.20958>,'GET',"/posts/post_detail/scratch/208-112-84-48-125-148-146-130-87-181-42-181-117-220-90-210",{1,1},{8,{"host",{'Host',"127.0.0.1:8001"},{"accept",{'Accept',"image/png,image/*;q=0.8,*/*;q=0.5"},nil,{"accept-language",{'Accept-Language',"zh-cn,zh;q=0.8,en-us;q=0.5,en;q=0.3"},{"accept-encoding",{'Accept-Encoding',"gzip, deflate"},nil,nil},{"cookie",{'Cookie',"Hm_lvt_7708418b490e83ac4f86d035fc2945af=1365564174,1365650345,1365664176,1365768168; csrftoken=XrnCsJhUyxJGP7eFL5E0ByGn0DBEkyRR; sessionid=bc680deb42a35a46680a7257ba718f68; _boss_session=8e4bee57f204c4af495775653a95360a2a99bb23"},{"connection",{'Connection',"keep-alive"},nil,nil},nil}}},{"user-agent",{'User-Agent',"Mozilla/5.0 (X11; Ubuntu; Linux x86_64; rv:20.0) Gecko/20100101 Firefox/20.0"},{"referer",{'Referer',"http://127.0.0.1:8001/posts/post_detail/posts-4"},nil,nil},nil}}}]},false,[],[],none}}],[]},{boss_web_controller,execute_action,5,[{file,"src/boss/boss_web_controller.erl"},{line,829}]},{boss_web_controller,process_dynamic_request,5,[{file,"src/boss/boss_web_controller.erl"},{line,536}]},{boss_web_controller,process_request,5,[{file,"src/boss/boss_web_controller.erl"},{line,525}]},{timer,tc,3,[{file,"timer.erl"},{line,194}]},{boss_web_controller,build_dynamic_response,4,[{file,"src/boss/boss_web_controller.erl"},{line,455}]},{mochiweb_http,headers,5,[{file,"src/mochiweb_http.erl"},{line,94}]},{proc_lib,init_p_do_apply,3,[{file,"proc_lib.erl"},{line,227}]}]}2013-04-17 16:55:53 =ERROR REPORT====
GET /posts/post_detail/scratch/208-112-84-48-125-148-146-130-87-181-42-181-117-220-90-210 [nuty] 500 52ms2013-04-17 16:55:55 =ERROR REPORT====
{function_clause,[{nuty_posts_controller,post_detail,['GET',["scratch","244-91-4-210-56-64-242-28-141-102-148-75-169-89-173-64"],{nuty_posts_controller,{simple_bridge_request_wrapper,mochiweb_request_bridge,{mochiweb_request,[#Port<0.20958>,'GET',"/posts/post_detail/scratch/244-91-4-210-56-64-242-28-141-102-148-75-169-89-173-64",{1,1},{8,{"host",{'Host',"127.0.0.1:8001"},{"accept",{'Accept',"image/png,image/*;q=0.8,*/*;q=0.5"},nil,{"accept-language",{'Accept-Language',"zh-cn,zh;q=0.8,en-us;q=0.5,en;q=0.3"},{"accept-encoding",{'Accept-Encoding',"gzip, deflate"},nil,nil},{"cookie",{'Cookie',"Hm_lvt_7708418b490e83ac4f86d035fc2945af=1365564174,1365650345,1365664176,1365768168; csrftoken=XrnCsJhUyxJGP7eFL5E0ByGn0DBEkyRR; sessionid=bc680deb42a35a46680a7257ba718f68; _boss_session=8e4bee57f204c4af495775653a95360a2a99bb23"},{"connection",{'Connection',"keep-alive"},nil,nil},nil}}},{"user-agent",{'User-Agent',"Mozilla/5.0 (X11; Ubuntu; Linux x86_64; rv:20.0) Gecko/20100101 Firefox/20.0"},{"referer",{'Referer',"http://127.0.0.1:8001/posts/post_detail/posts-5"},nil,nil},nil}}}]},false,[],[],none}}],[]},{boss_web_controller,execute_action,5,[{file,"src/boss/boss_web_controller.erl"},{line,829}]},{boss_web_controller,process_dynamic_request,5,[{file,"src/boss/boss_web_controller.erl"},{line,536}]},{boss_web_controller,process_request,5,[{file,"src/boss/boss_web_controller.erl"},{line,525}]},{timer,tc,3,[{file,"timer.erl"},{line,194}]},{boss_web_controller,build_dynamic_response,4,[{file,"src/boss/boss_web_controller.erl"},{line,455}]},{mochiweb_http,headers,5,[{file,"src/mochiweb_http.erl"},{line,94}]},{proc_lib,init_p_do_apply,3,[{file,"proc_lib.erl"},{line,227}]}]}2013-04-17 16:55:55 =ERROR REPORT====
GET /posts/post_detail/scratch/244-91-4-210-56-64-242-28-141-102-148-75-169-89-173-64 [nuty] 500 50ms2013-04-17 16:55:57 =ERROR REPORT====
{function_clause,[{nuty_posts_controller,post_detail,['GET',["scratch","184-128-114-39-40-118-31-101-247-97-31-211-153-116-48-60"],{nuty_posts_controller,{simple_bridge_request_wrapper,mochiweb_request_bridge,{mochiweb_request,[#Port<0.20958>,'GET',"/posts/post_detail/scratch/184-128-114-39-40-118-31-101-247-97-31-211-153-116-48-60",{1,1},{8,{"host",{'Host',"127.0.0.1:8001"},{"accept",{'Accept',"image/png,image/*;q=0.8,*/*;q=0.5"},nil,{"accept-language",{'Accept-Language',"zh-cn,zh;q=0.8,en-us;q=0.5,en;q=0.3"},{"accept-encoding",{'Accept-Encoding',"gzip, deflate"},nil,nil},{"cookie",{'Cookie',"Hm_lvt_7708418b490e83ac4f86d035fc2945af=1365564174,1365650345,1365664176,1365768168; csrftoken=XrnCsJhUyxJGP7eFL5E0ByGn0DBEkyRR; sessionid=bc680deb42a35a46680a7257ba718f68; _boss_session=8e4bee57f204c4af495775653a95360a2a99bb23"},{"connection",{'Connection',"keep-alive"},nil,nil},nil}}},{"user-agent",{'User-Agent',"Mozilla/5.0 (X11; Ubuntu; Linux x86_64; rv:20.0) Gecko/20100101 Firefox/20.0"},{"referer",{'Referer',"http://127.0.0.1:8001/posts/post_detail/posts-6"},nil,nil},nil}}}]},false,[],[],none}}],[]},{boss_web_controller,execute_action,5,[{file,"src/boss/boss_web_controller.erl"},{line,829}]},{boss_web_controller,process_dynamic_request,5,[{file,"src/boss/boss_web_controller.erl"},{line,536}]},{boss_web_controller,process_request,5,[{file,"src/boss/boss_web_controller.erl"},{line,525}]},{timer,tc,3,[{file,"timer.erl"},{line,194}]},{boss_web_controller,build_dynamic_response,4,[{file,"src/boss/boss_web_controller.erl"},{line,455}]},{mochiweb_http,headers,5,[{file,"src/mochiweb_http.erl"},{line,94}]},{proc_lib,init_p_do_apply,3,[{file,"proc_lib.erl"},{line,227}]}]}2013-04-17 16:55:57 =ERROR REPORT====
GET /posts/post_detail/scratch/184-128-114-39-40-118-31-101-247-97-31-211-153-116-48-60 [nuty] 500 44ms2013-04-25 11:59:53 =ERROR REPORT====
{{badmatch,[]},[{nuty_posts_controller,posts_add,3,[{file,"/home/nuts/mine/erl/nuty/src/controller/nuty_posts_controller.erl"},{line,23}]},{boss_web_controller,execute_action,5,[{file,"src/boss/boss_web_controller.erl"},{line,829}]},{boss_web_controller,process_dynamic_request,5,[{file,"src/boss/boss_web_controller.erl"},{line,536}]},{boss_web_controller,process_request,5,[{file,"src/boss/boss_web_controller.erl"},{line,525}]},{timer,tc,3,[{file,"timer.erl"},{line,194}]},{boss_web_controller,build_dynamic_response,4,[{file,"src/boss/boss_web_controller.erl"},{line,455}]},{mochiweb_http,headers,5,[{file,"src/mochiweb_http.erl"},{line,94}]},{proc_lib,init_p_do_apply,3,[{file,"proc_lib.erl"},{line,227}]}]}2013-04-25 11:59:53 =ERROR REPORT====
POST /add [nuty] 500 73ms2013-04-25 11:59:59 =ERROR REPORT====
{function_clause,[{nuty_posts_controller,post_detail,['GET',["scratch","60-31-35-169-218-75-0-136-11-32-89-173-141-234-152-16"],{nuty_posts_controller,{simple_bridge_request_wrapper,mochiweb_request_bridge,{mochiweb_request,[#Port<0.13351>,'GET',"/posts/post_detail/scratch/60-31-35-169-218-75-0-136-11-32-89-173-141-234-152-16",{1,1},{8,{"host",{'Host',"127.0.0.1:8001"},{"accept",{'Accept',"image/png,image/*;q=0.8,*/*;q=0.5"},nil,{"accept-language",{'Accept-Language',"zh-cn,zh;q=0.8,en-us;q=0.5,en;q=0.3"},{"accept-encoding",{'Accept-Encoding',"gzip, deflate"},nil,nil},{"cookie",{'Cookie',"Hm_lvt_7708418b490e83ac4f86d035fc2945af=1365768168,1366247544,1366686239,1366854533; csrftoken=XrnCsJhUyxJGP7eFL5E0ByGn0DBEkyRR; sessionid=27aac76ce0e0a51363353d55392d3f73; Hm_lpvt_7708418b490e83ac4f86d035fc2945af=1366861683; _boss_session=7bd16e90e5a1ec43b4b6bbdc7aaaa4f4046d9b4c"},{"connection",{'Connection',"keep-alive"},nil,nil},nil}}},{"user-agent",{'User-Agent',"Mozilla/5.0 (X11; Ubuntu; Linux x86_64; rv:20.0) Gecko/20100101 Firefox/20.0"},{"referer",{'Referer',"http://127.0.0.1:8001/posts/post_detail/posts-1"},nil,nil},nil}}}]},false,[],[],none}}],[]},{boss_web_controller,execute_action,5,[{file,"src/boss/boss_web_controller.erl"},{line,829}]},{boss_web_controller,process_dynamic_request,5,[{file,"src/boss/boss_web_controller.erl"},{line,536}]},{boss_web_controller,process_request,5,[{file,"src/boss/boss_web_controller.erl"},{line,525}]},{timer,tc,3,[{file,"timer.erl"},{line,194}]},{boss_web_controller,build_dynamic_response,4,[{file,"src/boss/boss_web_controller.erl"},{line,455}]},{mochiweb_http,headers,5,[{file,"src/mochiweb_http.erl"},{line,94}]},{proc_lib,init_p_do_apply,3,[{file,"proc_lib.erl"},{line,227}]}]}2013-04-25 11:59:59 =ERROR REPORT====
GET /posts/post_detail/scratch/60-31-35-169-218-75-0-136-11-32-89-173-141-234-152-16 [nuty] 500 45ms2013-04-25 12:00:07 =ERROR REPORT====
{function_clause,[{nuty_posts_controller,post_detail,['GET',["scratch","60-31-35-169-218-75-0-136-11-32-89-173-141-234-152-16"],{nuty_posts_controller,{simple_bridge_request_wrapper,mochiweb_request_bridge,{mochiweb_request,[#Port<0.13351>,'GET',"/posts/post_detail/scratch/60-31-35-169-218-75-0-136-11-32-89-173-141-234-152-16",{1,1},{8,{"host",{'Host',"127.0.0.1:8001"},{"accept",{'Accept',"image/png,image/*;q=0.8,*/*;q=0.5"},nil,{"accept-language",{'Accept-Language',"zh-cn,zh;q=0.8,en-us;q=0.5,en;q=0.3"},{"accept-encoding",{'Accept-Encoding',"gzip, deflate"},nil,nil},{"cookie",{'Cookie',"Hm_lvt_7708418b490e83ac4f86d035fc2945af=1365768168,1366247544,1366686239,1366854533; csrftoken=XrnCsJhUyxJGP7eFL5E0ByGn0DBEkyRR; sessionid=27aac76ce0e0a51363353d55392d3f73; Hm_lpvt_7708418b490e83ac4f86d035fc2945af=1366861683; _boss_session=7bd16e90e5a1ec43b4b6bbdc7aaaa4f4046d9b4c"},{"connection",{'Connection',"keep-alive"},nil,nil},nil}}},{"user-agent",{'User-Agent',"Mozilla/5.0 (X11; Ubuntu; Linux x86_64; rv:20.0) Gecko/20100101 Firefox/20.0"},{"referer",{'Referer',"http://127.0.0.1:8001/posts/post_detail/posts-1"},nil,nil},nil}}}]},false,[],[],none}}],[]},{boss_web_controller,execute_action,5,[{file,"src/boss/boss_web_controller.erl"},{line,829}]},{boss_web_controller,process_dynamic_request,5,[{file,"src/boss/boss_web_controller.erl"},{line,536}]},{boss_web_controller,process_request,5,[{file,"src/boss/boss_web_controller.erl"},{line,525}]},{timer,tc,3,[{file,"timer.erl"},{line,194}]},{boss_web_controller,build_dynamic_response,4,[{file,"src/boss/boss_web_controller.erl"},{line,455}]},{mochiweb_http,headers,5,[{file,"src/mochiweb_http.erl"},{line,94}]},{proc_lib,init_p_do_apply,3,[{file,"proc_lib.erl"},{line,227}]}]}2013-04-25 12:00:07 =ERROR REPORT====
GET /posts/post_detail/scratch/60-31-35-169-218-75-0-136-11-32-89-173-141-234-152-16 [nuty] 500 44ms2013-04-25 12:00:22 =ERROR REPORT====
{function_clause,[{nuty_posts_controller,post_detail,['GET',["scratch","60-31-35-169-218-75-0-136-11-32-89-173-141-234-152-16"],{nuty_posts_controller,{simple_bridge_request_wrapper,mochiweb_request_bridge,{mochiweb_request,[#Port<0.13351>,'GET',"/posts/post_detail/scratch/60-31-35-169-218-75-0-136-11-32-89-173-141-234-152-16",{1,1},{8,{"host",{'Host',"127.0.0.1:8001"},{"accept",{'Accept',"image/png,image/*;q=0.8,*/*;q=0.5"},nil,{"accept-language",{'Accept-Language',"zh-cn,zh;q=0.8,en-us;q=0.5,en;q=0.3"},{"accept-encoding",{'Accept-Encoding',"gzip, deflate"},nil,nil},{"cookie",{'Cookie',"Hm_lvt_7708418b490e83ac4f86d035fc2945af=1365768168,1366247544,1366686239,1366854533; csrftoken=XrnCsJhUyxJGP7eFL5E0ByGn0DBEkyRR; sessionid=27aac76ce0e0a51363353d55392d3f73; Hm_lpvt_7708418b490e83ac4f86d035fc2945af=1366861683; _boss_session=7bd16e90e5a1ec43b4b6bbdc7aaaa4f4046d9b4c"},{"connection",{'Connection',"keep-alive"},nil,nil},nil}}},{"user-agent",{'User-Agent',"Mozilla/5.0 (X11; Ubuntu; Linux x86_64; rv:20.0) Gecko/20100101 Firefox/20.0"},{"referer",{'Referer',"http://127.0.0.1:8001/posts/post_detail/posts-1"},nil,nil},nil}}}]},false,[],[],none}}],[]},{boss_web_controller,execute_action,5,[{file,"src/boss/boss_web_controller.erl"},{line,829}]},{boss_web_controller,process_dynamic_request,5,[{file,"src/boss/boss_web_controller.erl"},{line,536}]},{boss_web_controller,process_request,5,[{file,"src/boss/boss_web_controller.erl"},{line,525}]},{timer,tc,3,[{file,"timer.erl"},{line,194}]},{boss_web_controller,build_dynamic_response,4,[{file,"src/boss/boss_web_controller.erl"},{line,455}]},{mochiweb_http,headers,5,[{file,"src/mochiweb_http.erl"},{line,94}]},{proc_lib,init_p_do_apply,3,[{file,"proc_lib.erl"},{line,227}]}]}2013-04-25 12:00:22 =ERROR REPORT====
GET /posts/post_detail/scratch/60-31-35-169-218-75-0-136-11-32-89-173-141-234-152-16 [nuty] 500 45ms2013-04-25 12:01:05 =ERROR REPORT====
{function_clause,[{nuty_posts_controller,post_detail,['GET',["scratch","60-31-35-169-218-75-0-136-11-32-89-173-141-234-152-16"],{nuty_posts_controller,{simple_bridge_request_wrapper,mochiweb_request_bridge,{mochiweb_request,[#Port<0.13351>,'GET',"/posts/post_detail/scratch/60-31-35-169-218-75-0-136-11-32-89-173-141-234-152-16",{1,1},{8,{"host",{'Host',"127.0.0.1:8001"},{"accept",{'Accept',"image/png,image/*;q=0.8,*/*;q=0.5"},nil,{"accept-language",{'Accept-Language',"zh-cn,zh;q=0.8,en-us;q=0.5,en;q=0.3"},{"accept-encoding",{'Accept-Encoding',"gzip, deflate"},nil,nil},{"cookie",{'Cookie',"Hm_lvt_7708418b490e83ac4f86d035fc2945af=1365768168,1366247544,1366686239,1366854533; csrftoken=XrnCsJhUyxJGP7eFL5E0ByGn0DBEkyRR; sessionid=27aac76ce0e0a51363353d55392d3f73; Hm_lpvt_7708418b490e83ac4f86d035fc2945af=1366861683; _boss_session=7bd16e90e5a1ec43b4b6bbdc7aaaa4f4046d9b4c"},{"connection",{'Connection',"keep-alive"},nil,nil},nil}}},{"user-agent",{'User-Agent',"Mozilla/5.0 (X11; Ubuntu; Linux x86_64; rv:20.0) Gecko/20100101 Firefox/20.0"},{"referer",{'Referer',"http://127.0.0.1:8001/posts/post_detail/posts-1"},nil,nil},nil}}}]},false,[],[],none}}],[]},{boss_web_controller,execute_action,5,[{file,"src/boss/boss_web_controller.erl"},{line,829}]},{boss_web_controller,process_dynamic_request,5,[{file,"src/boss/boss_web_controller.erl"},{line,536}]},{boss_web_controller,process_request,5,[{file,"src/boss/boss_web_controller.erl"},{line,525}]},{timer,tc,3,[{file,"timer.erl"},{line,194}]},{boss_web_controller,build_dynamic_response,4,[{file,"src/boss/boss_web_controller.erl"},{line,455}]},{mochiweb_http,headers,5,[{file,"src/mochiweb_http.erl"},{line,94}]},{proc_lib,init_p_do_apply,3,[{file,"proc_lib.erl"},{line,227}]}]}2013-04-25 12:01:05 =ERROR REPORT====
GET /posts/post_detail/scratch/60-31-35-169-218-75-0-136-11-32-89-173-141-234-152-16 [nuty] 500 54ms2013-04-25 12:50:16 =ERROR REPORT====
{function_clause,[{nuty_posts_controller,post_detail,['GET',["scratch","60-31-35-169-218-75-0-136-11-32-89-173-141-234-152-16"],{nuty_posts_controller,{simple_bridge_request_wrapper,mochiweb_request_bridge,{mochiweb_request,[#Port<0.14358>,'GET',"/posts/post_detail/scratch/60-31-35-169-218-75-0-136-11-32-89-173-141-234-152-16",{1,1},{8,{"host",{'Host',"127.0.0.1:8001"},{"accept",{'Accept',"image/png,image/*;q=0.8,*/*;q=0.5"},nil,{"accept-language",{'Accept-Language',"zh-cn,zh;q=0.8,en-us;q=0.5,en;q=0.3"},{"accept-encoding",{'Accept-Encoding',"gzip, deflate"},nil,nil},{"cookie",{'Cookie',"Hm_lvt_7708418b490e83ac4f86d035fc2945af=1365768168,1366247544,1366686239,1366854533; csrftoken=XrnCsJhUyxJGP7eFL5E0ByGn0DBEkyRR; Hm_lpvt_7708418b490e83ac4f86d035fc2945af=1366865359; _boss_session=7bd16e90e5a1ec43b4b6bbdc7aaaa4f4046d9b4c"},{"connection",{'Connection',"keep-alive"},nil,nil},nil}}},{"user-agent",{'User-Agent',"Mozilla/5.0 (X11; Ubuntu; Linux x86_64; rv:20.0) Gecko/20100101 Firefox/20.0"},{"referer",{'Referer',"http://127.0.0.1:8001/posts/post_detail/posts-1"},nil,nil},nil}}}]},false,[],[],none}}],[]},{boss_web_controller,execute_action,5,[{file,"src/boss/boss_web_controller.erl"},{line,829}]},{boss_web_controller,process_dynamic_request,5,[{file,"src/boss/boss_web_controller.erl"},{line,536}]},{boss_web_controller,process_request,5,[{file,"src/boss/boss_web_controller.erl"},{line,525}]},{timer,tc,3,[{file,"timer.erl"},{line,194}]},{boss_web_controller,build_dynamic_response,4,[{file,"src/boss/boss_web_controller.erl"},{line,455}]},{mochiweb_http,headers,5,[{file,"src/mochiweb_http.erl"},{line,94}]},{proc_lib,init_p_do_apply,3,[{file,"proc_lib.erl"},{line,227}]}]}2013-04-25 12:50:16 =ERROR REPORT====
GET /posts/post_detail/scratch/60-31-35-169-218-75-0-136-11-32-89-173-141-234-152-16 [nuty] 500 45ms